09/23/2014 11:23:52  PRESENCE:: execute: 0f7a96fc/true
09/23/2014 11:23:52  PRESENCE:: -> name: 0f7a96fc > True
09/23/2014 11:23:52  PRESENCE:: -> current: False
09/23/2014 11:23:52  PRESENCE:: --> change: 0f7a96fc > True
09/23/2014 11:24:59  PRESENCE:: execute: 0f7a96fc/true
09/23/2014 11:24:59  PRESENCE:: -> name: 0f7a96fc > True
09/23/2014 11:24:59  PRESENCE:: -> current: True
09/23/2014 11:44:54  PRESENCE:: execute: 0f7a96fc/true
09/23/2014 11:44:54  PRESENCE:: -> name: 0f7a96fc > True
09/23/2014 11:44:54  PRESENCE:: -> current: True
09/23/2014 11:48:06  PRESENCE:: execute: 0f7a96fc/true
09/23/2014 11:48:06  PRESENCE:: -> name: 0f7a96fc > True
09/23/2014 11:48:06  PRESENCE:: -> current: False
09/23/2014 11:48:06  PRESENCE:: --> change: 0f7a96fc > True
09/23/2014 11:52:33  PRESENCE:: execute: 0f7a96fc/true
09/23/2014 11:52:33  PRESENCE:: -> name: 0f7a96fc > True
09/23/2014 11:52:33  PRESENCE:: -> current: False
09/23/2014 11:52:33  PRESENCE:: --> change: 0f7a96fc > True
09/23/2014 11:53:39  PRESENCE:: execute: 0f7a96fc/false
09/23/2014 11:53:39  PRESENCE:: -> name: 0f7a96fc > False
09/23/2014 11:53:39  PRESENCE:: -> current: True
09/23/2014 11:53:39  PRESENCE:: --> change: 0f7a96fc > False
09/23/2014 11:55:40  PRESENCE:: execute: 0f7a96fc/true
09/23/2014 11:55:40  PRESENCE:: -> name: 0f7a96fc > True
09/23/2014 11:55:40  PRESENCE:: -> current: False
09/23/2014 11:55:40  PRESENCE:: --> change: 0f7a96fc > True
09/23/2014 11:55:56  PRESENCE:: execute: 0f7a96fc/false
09/23/2014 11:55:56  PRESENCE:: -> name: 0f7a96fc > False
09/23/2014 11:55:56  PRESENCE:: -> current: True
09/23/2014 11:55:56  PRESENCE:: --> change: 0f7a96fc > False
09/24/2014 12:00:21  PRESENCE:: execute: 0f7a96fc/true
09/24/2014 12:00:21  PRESENCE:: -> name: 0f7a96fc > True
09/24/2014 12:00:21  PRESENCE:: -> current: False
09/24/2014 12:00:21  PRESENCE:: --> change: 0f7a96fc > True
09/24/2014 12:01:03  PRESENCE:: execute: 0f7a96fc/false
09/24/2014 12:01:03  PRESENCE:: -> name: 0f7a96fc > False
09/24/2014 12:01:03  PRESENCE:: -> current: True
09/24/2014 12:01:03  PRESENCE:: --> change: 0f7a96fc > False
09/24/2014 12:01:13  PRESENCE:: execute: 0f7a96fc/true
09/24/2014 12:01:13  PRESENCE:: -> name: 0f7a96fc > True
09/24/2014 12:01:13  PRESENCE:: -> current: False
09/24/2014 12:01:13  PRESENCE:: --> change: 0f7a96fc > True
09/24/2014 12:08:42  PRESENCE:: execute: 0f7a96fc/false
09/24/2014 12:08:42  PRESENCE:: -> name: 0f7a96fc > False
09/24/2014 12:08:42  PRESENCE:: -> current: False
09/24/2014 12:08:42  PRESENCE:: --> change: 0f7a96fc > False
09/24/2014 12:09:05  PRESENCE:: execute: 0f7a96fc/true
09/24/2014 12:09:05  PRESENCE:: -> name: 0f7a96fc > True
09/24/2014 12:09:05  PRESENCE:: -> current: False
09/24/2014 12:09:05  PRESENCE:: --> change: 0f7a96fc > True
09/24/2014 12:09:17  PRESENCE:: execute: 0f7a96fc/false
09/24/2014 12:09:17  PRESENCE:: -> name: 0f7a96fc > False
09/24/2014 12:09:17  PRESENCE:: -> current: True
09/24/2014 12:09:17  PRESENCE:: --> change: 0f7a96fc > False
09/24/2014 12:09:42  PRESENCE:: execute: 0f7a96fc/true
09/24/2014 12:09:42  PRESENCE:: -> name: 0f7a96fc > True
09/24/2014 12:09:42  PRESENCE:: -> current: False
09/24/2014 12:09:42  PRESENCE:: --> change: 0f7a96fc > True
09/24/2014 12:10:10  PRESENCE:: execute: 0f7a96fc/true
09/24/2014 12:10:10  PRESENCE:: -> name: 0f7a96fc > True
09/24/2014 12:10:10  PRESENCE:: -> current: True
01/28/2015 11:20:27  PRESENCE:: execute: 0f7a96fc/true
01/28/2015 11:20:27  PRESENCE:: -> name: 0f7a96fc > True
01/28/2015 11:20:27  PRESENCE:: -> current: False
01/28/2015 11:20:27  PRESENCE:: --> change: 0f7a96fc > True
01/28/2015 11:22:05  PRESENCE:: execute: 0f7a96fc/true
01/28/2015 11:22:05  PRESENCE:: -> name: 0f7a96fc > True
01/28/2015 11:22:05  PRESENCE:: -> current: False
01/28/2015 11:22:05  PRESENCE:: --> change: 0f7a96fc > True
01/28/2015 11:25:41  PRESENCE:: execute: 0f7a96fc/false
01/28/2015 11:25:41  PRESENCE:: -> name: 0f7a96fc > False
01/28/2015 11:25:41  PRESENCE:: -> current: True
01/28/2015 11:25:41  PRESENCE:: --> change: 0f7a96fc > False
01/28/2015 11:50:26  PRESENCE:: execute: 0f7a96fc/true
01/28/2015 11:50:26  PRESENCE:: -> name: 0f7a96fc > True
01/28/2015 11:50:26  PRESENCE:: -> current: False
01/28/2015 11:50:26  PRESENCE:: --> change: 0f7a96fc > True
01/28/2015 11:51:59  PRESENCE:: execute: 0f7a96fc/true
01/28/2015 11:51:59  PRESENCE:: -> name: 0f7a96fc > True
01/28/2015 11:51:59  PRESENCE:: -> current: True
01/28/2015 11:52:18  PRESENCE:: execute: 0f7a96fc/false
01/28/2015 11:52:18  PRESENCE:: -> name: 0f7a96fc > False
01/28/2015 11:52:18  PRESENCE:: -> current: True
01/28/2015 11:52:18  PRESENCE:: --> change: 0f7a96fc > False
01/29/2015 12:01:06  PRESENCE:: execute: 0f7a96fc/true
01/29/2015 12:01:06  PRESENCE:: -> name: 0f7a96fc > True
01/29/2015 12:01:06  PRESENCE:: -> current: False
01/29/2015 12:01:06  PRESENCE:: --> change: 0f7a96fc > True
01/29/2015 12:02:27  PRESENCE:: execute: 0f7a96fc/false
01/29/2015 12:02:27  PRESENCE:: -> name: 0f7a96fc > False
01/29/2015 12:02:27  PRESENCE:: -> current: False
01/29/2015 12:02:27  PRESENCE:: --> change: 0f7a96fc > False
01/29/2015 12:02:43  PRESENCE:: execute: 0f7a96fc/true
01/29/2015 12:02:43  PRESENCE:: -> name: 0f7a96fc > True
01/29/2015 12:02:43  PRESENCE:: -> current: False
01/29/2015 12:02:43  PRESENCE:: --> change: 0f7a96fc > True
01/29/2015 12:04:24  PRESENCE:: execute: 0f7a96fc/false
01/29/2015 12:04:24  PRESENCE:: -> name: 0f7a96fc > False
01/29/2015 12:04:24  PRESENCE:: -> current: False
01/29/2015 12:04:24  PRESENCE:: --> change: 0f7a96fc > False
01/29/2015 12:04:38  PRESENCE:: execute: 0f7a96fc/true
01/29/2015 12:04:38  PRESENCE:: -> name: 0f7a96fc > True
01/29/2015 12:04:38  PRESENCE:: -> current: False
01/29/2015 12:04:38  PRESENCE:: --> change: 0f7a96fc > True
01/29/2015 12:09:52  PRESENCE:: execute: 0f7a96fc/true
01/29/2015 12:09:52  PRESENCE:: -> name: 0f7a96fc > True
01/29/2015 12:09:52  PRESENCE:: -> current: False
01/29/2015 12:09:52  PRESENCE:: --> change: 0f7a96fc > True
01/29/2015 12:10:11  PRESENCE:: execute: 0f7a96fc/false
01/29/2015 12:10:11  PRESENCE:: -> name: 0f7a96fc > False
01/29/2015 12:10:11  PRESENCE:: -> current: True
01/29/2015 12:10:11  PRESENCE:: --> change: 0f7a96fc > False
01/29/2015 12:10:21  PRESENCE:: execute: 0f7a96fc/true
01/29/2015 12:10:21  PRESENCE:: -> name: 0f7a96fc > True
01/29/2015 12:10:21  PRESENCE:: -> current: False
01/29/2015 12:10:21  PRESENCE:: --> change: 0f7a96fc > True
01/29/2015 12:10:41  PRESENCE:: execute: 0f7a96fc/true
01/29/2015 12:10:41  PRESENCE:: -> name: 0f7a96fc > True
01/29/2015 12:10:41  PRESENCE:: -> current: True
01/29/2015 12:10:58  PRESENCE:: execute: 0f7a96fc/false
01/29/2015 12:10:58  PRESENCE:: -> name: 0f7a96fc > False
01/29/2015 12:10:58  PRESENCE:: -> current: True
01/29/2015 12:10:58  PRESENCE:: --> change: 0f7a96fc > False
01/29/2015 12:11:11  PRESENCE:: execute: 0f7a96fc/true
01/29/2015 12:11:11  PRESENCE:: -> name: 0f7a96fc > True
01/29/2015 12:11:11  PRESENCE:: -> current: False
01/29/2015 12:11:11  PRESENCE:: --> change: 0f7a96fc > True
01/30/2015 04:36:05  PRESENCE:: execute: 0f7a96fc/true
01/30/2015 04:36:05  PRESENCE:: -> name: 0f7a96fc > True
01/30/2015 04:36:05  PRESENCE:: -> current: False
01/30/2015 04:36:05  PRESENCE:: --> change: 0f7a96fc > True
01/30/2015 04:36:58  PRESENCE:: execute: 0f7a96fc/false
01/30/2015 04:36:58  PRESENCE:: -> name: 0f7a96fc > False
01/30/2015 04:36:58  PRESENCE:: -> current: True
01/30/2015 04:36:58  PRESENCE:: --> change: 0f7a96fc > False
01/30/2015 04:37:13  PRESENCE:: execute: 0f7a96fc/true
01/30/2015 04:37:13  PRESENCE:: -> name: 0f7a96fc > True
01/30/2015 04:37:13  PRESENCE:: -> current: False
01/30/2015 04:37:13  PRESENCE:: --> change: 0f7a96fc > True
03/24/2015 04:56:26  Presence::execute: 4df1d29d62e99fb3/true
03/24/2015 04:56:26  Presence::change: 4df1d29d62e99fb3 > True
03/24/2015 05:13:16  Presence::execute: 4df1d29d62e99fb3/true
03/24/2015 05:14:50  Presence::execute: 4df1d29d62e99fb3/false
03/24/2015 05:14:50  Presence::change: 4df1d29d62e99fb3 > False
03/24/2015 05:20:13  Presence::execute: 4df1d29d62e99fb3/true
03/24/2015 05:20:13  Presence::change: 4df1d29d62e99fb3 > True
03/24/2015 05:20:57  Presence::execute: 4df1d29d62e99fb3/false
03/24/2015 05:20:57  Presence::change: 4df1d29d62e99fb3 > False
03/24/2015 05:21:01  Presence::execute: 4df1d29d62e99fb3/true
03/24/2015 05:21:01  Presence::change: 4df1d29d62e99fb3 > True
03/24/2015 05:28:21  Presence::execute: 4df1d29d62e99fb3/false
03/24/2015 05:28:21  Presence::change: 4df1d29d62e99fb3 > False
03/24/2015 05:28:32  Presence::execute: 4df1d29d62e99fb3/true
03/24/2015 05:28:32  Presence::change: 4df1d29d62e99fb3 > True
03/24/2015 05:30:04  Presence::execute: 4df1d29d62e99fb3/false
03/24/2015 05:30:04  Presence::change: 4df1d29d62e99fb3 > False
03/24/2015 05:31:26  Presence::execute: 4df1d29d62e99fb3/true
03/24/2015 05:31:26  Presence::change: 4df1d29d62e99fb3 > True
03/24/2015 05:43:35  Presence::execute: 4df1d29d62e99fb3/false
03/24/2015 05:43:35  Presence::change: 4df1d29d62e99fb3 > False
03/24/2015 05:44:11  Presence::execute: 4df1d29d62e99fb3/true
03/24/2015 05:44:11  Presence::change: 4df1d29d62e99fb3 > True
03/24/2015 05:44:32  Presence::execute: 4df1d29d62e99fb3/false
03/24/2015 05:44:32  Presence::change: 4df1d29d62e99fb3 > False
03/24/2015 05:44:52  Presence::execute: 4df1d29d62e99fb3/true
03/24/2015 05:44:52  Presence::change: 4df1d29d62e99fb3 > True
03/24/2015 05:46:38  Presence::execute: 4df1d29d62e99fb3/false
03/24/2015 05:46:38  Presence::change: 4df1d29d62e99fb3 > False
03/24/2015 05:46:41  Presence::execute: 4df1d29d62e99fb3/true
03/24/2015 05:46:41  Presence::change: 4df1d29d62e99fb3 > True
03/24/2015 05:46:52  Presence::execute: 4df1d29d62e99fb3/false
03/24/2015 05:46:52  Presence::change: 4df1d29d62e99fb3 > False
03/24/2015 05:48:20  Presence::execute: 4df1d29d62e99fb3/true
03/24/2015 05:48:20  Presence::change: 4df1d29d62e99fb3 > True
03/24/2015 05:52:51  Presence::execute: 4df1d29d62e99fb3/false
03/24/2015 05:52:51  Presence::change: 4df1d29d62e99fb3 > False
03/24/2015 05:53:02  Presence::execute: 4df1d29d62e99fb3/true
03/24/2015 05:53:02  Presence::change: 4df1d29d62e99fb3 > True
03/24/2015 05:54:35  Presence::execute: 4df1d29d62e99fb3/false
03/24/2015 05:54:35  Presence::change: 4df1d29d62e99fb3 > False
03/24/2015 05:54:35  Chacon::execute: off
03/24/2015 05:54:35  Chacon::execute: off
03/24/2015 05:54:45  Presence::execute: 4df1d29d62e99fb3/true
03/24/2015 05:54:45  Presence::change: 4df1d29d62e99fb3 > True
03/24/2015 05:54:45  Chacon::execute: on
03/24/2015 05:54:46  Chacon::execute: on
03/24/2015 05:54:52  Presence::execute: 4df1d29d62e99fb3/false
03/24/2015 05:54:52  Presence::change: 4df1d29d62e99fb3 > False
03/24/2015 05:54:52  Chacon::execute: off
03/24/2015 05:54:53  Chacon::execute: off
03/24/2015 05:54:59  Presence::execute: 4df1d29d62e99fb3/true
03/24/2015 05:54:59  Presence::change: 4df1d29d62e99fb3 > True
03/24/2015 05:54:59  Chacon::execute: on
03/24/2015 05:54:59  Chacon::execute: on
03/24/2015 05:56:04  Presence::execute: 4df1d29d62e99fb3/false
03/24/2015 05:56:04  Presence::change: 4df1d29d62e99fb3 > False
03/24/2015 05:56:04  Chacon::execute: off
03/24/2015 05:56:04  Chacon::execute: off
03/24/2015 05:56:09  Presence::execute: 4df1d29d62e99fb3/true
03/24/2015 05:56:09  Presence::change: 4df1d29d62e99fb3 > True
03/24/2015 05:56:09  Chacon::execute: off
03/24/2015 05:56:09  Chacon::execute: off
03/24/2015 05:56:09  Presence::execute: 4df1d29d62e99fb3/true
03/24/2015 05:56:15  Presence::execute: 4df1d29d62e99fb3/false
03/24/2015 05:56:15  Presence::change: 4df1d29d62e99fb3 > False
03/24/2015 05:56:15  Chacon::execute: off
03/24/2015 05:56:15  Chacon::execute: off
03/24/2015 05:56:20  Presence::execute: 4df1d29d62e99fb3/true
03/24/2015 05:56:20  Presence::change: 4df1d29d62e99fb3 > True
03/24/2015 05:56:20  Chacon::execute: on
03/24/2015 05:56:20  Chacon::execute: on
03/24/2015 06:04:41  Presence::execute: 4df1d29d62e99fb3/false
03/24/2015 06:04:41  Presence::change: 4df1d29d62e99fb3 > False
03/24/2015 06:04:41  Chacon::execute: off
03/24/2015 06:04:42  Chacon::execute: off
03/24/2015 06:04:43  Chacon::execute: off
03/24/2015 06:04:43  Chacon::execute: off
03/24/2015 06:04:43  Presence::execute: 4df1d29d62e99fb3/true
03/24/2015 06:04:43  Presence::change: 4df1d29d62e99fb3 > True
03/24/2015 06:04:47  Presence::execute: 4df1d29d62e99fb3/true
03/24/2015 06:04:51  Presence::execute: 4df1d29d62e99fb3/false
03/24/2015 06:04:51  Presence::change: 4df1d29d62e99fb3 > False
03/24/2015 06:04:51  Chacon::execute: off
03/24/2015 06:04:51  Chacon::execute: off
03/24/2015 06:04:51  Presence::execute: 4df1d29d62e99fb3/true
03/24/2015 06:04:51  Presence::change: 4df1d29d62e99fb3 > True
03/24/2015 06:04:51  Chacon::execute: on
03/24/2015 06:04:52  Chacon::execute: on
03/24/2015 06:04:53  Chacon::execute: on
03/24/2015 06:04:53  Chacon::execute: on
03/24/2015 06:05:14  Chacon::execute: off
03/24/2015 06:05:36  Presence::execute: 4df1d29d62e99fb3/true
03/24/2015 06:05:38  Presence::execute: 4df1d29d62e99fb3/false
03/24/2015 06:05:38  Presence::change: 4df1d29d62e99fb3 > False
03/24/2015 06:05:38  Chacon::execute: off
03/24/2015 06:05:38  Chacon::execute: off
03/24/2015 06:05:39  Chacon::execute: off
03/24/2015 06:05:47  Presence::execute: 4df1d29d62e99fb3/true
03/24/2015 06:05:47  Presence::change: 4df1d29d62e99fb3 > True
03/24/2015 06:05:47  Chacon::execute: on
03/24/2015 06:05:47  Chacon::execute: on
03/24/2015 06:05:48  Chacon::execute: on
03/24/2015 06:05:48  Chacon::execute: on
03/24/2015 06:07:46  Presence::execute: 4df1d29d62e99fb3/false
03/24/2015 06:07:46  Presence::change: 4df1d29d62e99fb3 > False
03/24/2015 06:07:46  Chacon::execute: off
03/24/2015 06:07:46  Chacon::execute: off
03/24/2015 06:08:27  Chacon::execute: off
03/24/2015 06:08:27  Chacon::execute: off
03/24/2015 06:09:54  Presence::execute: 4df1d29d62e99fb3/true
03/24/2015 06:09:54  Presence::change: 4df1d29d62e99fb3 > True
03/24/2015 06:09:54  Chacon::execute: on
03/24/2015 06:09:54  Chacon::execute: on
03/24/2015 06:10:26  Presence::execute: 4df1d29d62e99fb3/true
03/24/2015 06:11:31  Chacon::execute: off
03/24/2015 06:23:05  Presence::execute: 4df1d29d62e99fb3/true
03/24/2015 06:23:08  Chacon::execute: on
03/24/2015 06:23:09  Chacon::execute: off
03/26/2015 10:17:31  Presence::load rules: /usr/local/piserver/rules.json
03/26/2015 10:35:44  Presence::load rules: /usr/local/piserver/rules.json
03/26/2015 10:36:05  Chacon::execute: on
03/26/2015 10:36:08  Chacon::execute: off
03/26/2015 10:48:00  Presence::load rules: /usr/local/piserver/rules.json
03/26/2015 10:48:17  Presence::load rules: /usr/local/piserver/rules.json
03/26/2015 10:48:37  Chacon::execute: on
03/26/2015 10:48:39  Chacon::execute: on
03/26/2015 10:48:42  Chacon::execute: off
03/27/2015 12:03:05  Presence::load rules: /usr/local/piserver/rules.json
03/27/2015 12:04:03  Interruptor::execute: on
03/27/2015 12:08:29  Presence::load rules: /usr/local/piserver/rules.json
03/27/2015 12:09:38  Presence::load rules: /usr/local/piserver/rules.json
03/27/2015 12:10:12  Presence::load rules: /usr/local/piserver/rules.json
03/27/2015 12:11:16  Presence::load rules: rules.json
03/27/2015 12:13:54  Presence::load rules: rules.json
03/27/2015 12:19:14  Presence::load rules: rules.json
03/27/2015 12:19:39  Presence::load rules: rules.json
03/27/2015 12:19:49  Presence::load rules: rules.json
03/27/2015 12:21:12  Presence::load rules: rules.json
03/27/2015 12:21:37  Presence::load rules: rules.json
03/27/2015 12:22:38  Presence::load rules: rules.json
03/27/2015 12:25:22  Presence::load rules: rules.json
03/27/2015 12:26:24  Presence::load rules: rules.json
03/27/2015 12:26:43  Presence::load rules: rules.json
03/27/2015 12:27:00  Presence::load rules: rules.json
03/27/2015 12:27:15  Presence::load rules: rules.json
03/27/2015 12:27:32  Presence::load rules: rules.json
03/27/2015 12:31:11  Presence::load rules: rules.json
03/27/2015 12:31:53  Presence::load rules: rules.json
03/27/2015 12:32:45  Presence::load rules: rules.json
03/27/2015 12:34:40  Presence::load rules: rules.json
03/27/2015 12:37:45  Presence::load rules: rules.json
04/09/2015 03:48:54  Presence::load rules: rules.json
04/09/2015 03:53:44  Presence::load rules: rules.json
04/09/2015 04:15:45  Presence::load rules: rules.json
04/09/2015 04:17:12  Presence::load rules: rules.json
04/09/2015 04:18:17  Presence::load rules: rules.json
04/09/2015 04:19:02  Presence::load rules: rules.json
04/09/2015 04:20:19  Presence::load rules: rules.json
04/09/2015 04:21:21  Presence::load rules: rules.json
04/09/2015 04:21:34  Presence::load rules: rules.json
04/09/2015 04:21:42  Interruptor::execute: on
04/09/2015 04:21:44  Interruptor::execute: off
04/09/2015 04:21:46  Interruptor::execute: on
04/09/2015 04:21:48  Interruptor::execute: off
04/09/2015 04:21:49  Interruptor::execute: on
04/09/2015 04:21:53  Interruptor::execute: off
04/09/2015 04:22:24  Interruptor::execute: on
04/09/2015 04:22:25  Interruptor::execute: off
04/09/2015 04:22:27  Interruptor::execute: on
04/09/2015 04:23:05  Interruptor::execute: off
04/09/2015 04:23:06  Interruptor::execute: on
04/09/2015 04:23:08  Interruptor::execute: off
04/09/2015 04:23:09  Interruptor::execute: on
04/09/2015 04:23:12  Interruptor::execute: off
04/09/2015 05:21:53  Presence::load rules: rules.json
04/09/2015 05:23:18  Presence::load rules: rules.json
04/09/2015 05:23:28  Interruptor::execute: on
04/09/2015 05:23:31  Interruptor::execute: off
04/09/2015 05:23:35  Interruptor::execute: on
04/09/2015 05:23:37  Interruptor::execute: off
04/09/2015 05:26:32  Presence::load rules: rules.json
04/09/2015 05:26:36  Interruptor::execute: on
04/09/2015 05:26:39  Interruptor::execute: off
04/09/2015 05:27:13  Presence::load rules: rules.json
04/09/2015 05:27:18  Interruptor::execute: on
04/09/2015 05:27:18  Interruptor::execute: off
04/09/2015 05:27:21  Interruptor::execute: on
04/09/2015 05:27:22  Interruptor::execute: off
04/09/2015 07:10:14  Presence::load rules: rules.json
04/09/2015 07:11:40  Presence::load rules: rules.json
04/09/2015 07:14:47  Interruptor::execute: on
04/09/2015 07:17:29  Presence::load rules: rules.json
04/09/2015 07:17:50  Interruptor::execute: on
04/09/2015 07:18:05  Interruptor::execute: off
04/09/2015 07:18:05  Interruptor::execute: on
04/09/2015 07:18:07  Interruptor::execute: off
04/09/2015 07:18:09  Interruptor::execute: on
04/09/2015 07:18:10  Interruptor::execute: off
04/09/2015 07:18:12  Interruptor::execute: on
04/09/2015 07:18:13  Interruptor::execute: off
04/09/2015 07:18:16  Interruptor::execute: on
04/09/2015 07:19:25  Presence::execute: 68627129/true
04/09/2015 07:19:25  Presence::change: 68627129 > True
04/09/2015 07:19:25  Presence::checkRules: Shutdown when empty > False
04/09/2015 07:19:25  Presence::checkRules: Light on night if presence > True
04/09/2015 07:19:25  Presence::exec: lampe/on
04/09/2015 07:19:25  Interruptor::execute: on
04/09/2015 07:26:54  Presence::load rules: rules.json
04/09/2015 07:28:50  Presence::load rules: rules.json
04/09/2015 07:33:32  Presence::load rules: rules.json
04/13/2015 08:55:19  Presence::load rules: rules.json
04/13/2015 08:55:34  Interruptor::execute: on
04/13/2015 08:55:35  Interruptor::execute: off
04/13/2015 08:55:45  Interruptor::execute: on
04/13/2015 08:55:47  Interruptor::execute: off
04/13/2015 08:55:48  Interruptor::execute: on
04/13/2015 08:55:58  Interruptor::execute: on
04/13/2015 08:55:59  Interruptor::execute: off
04/13/2015 08:56:08  Interruptor::execute: on
04/13/2015 08:56:09  Interruptor::execute: off
04/13/2015 08:56:10  Interruptor::execute: off
04/13/2015 08:56:11  Interruptor::execute: on
04/20/2015 08:41:09  Presence::load rules: rules.json
04/20/2015 08:41:25  Interruptor::execute: on
04/20/2015 08:41:31  Interruptor::execute: off
04/20/2015 08:43:14  Presence::load rules: rules.json
04/20/2015 08:43:21  Interruptor::execute: on
04/20/2015 08:43:22  Interruptor::execute: off
04/20/2015 08:43:55  Presence::load rules: rules.json
04/20/2015 08:44:05  Interruptor::execute: on
04/20/2015 08:44:07  Interruptor::execute: off
04/20/2015 08:45:44  Presence::load rules: rules.json
04/20/2015 08:45:50  Interruptor::execute: on
04/20/2015 08:45:52  Interruptor::execute: off
04/20/2015 08:49:00  Presence::load rules: rules.json
04/20/2015 08:49:14  Interruptor::execute: on
04/20/2015 08:49:16  Interruptor::execute: off
04/20/2015 08:53:07  Presence::load rules: rules.json
04/20/2015 08:53:11  Interruptor::execute: on
04/20/2015 08:53:17  Interruptor::execute: off
04/20/2015 08:53:20  Interruptor::execute: on
04/20/2015 08:53:21  Interruptor::execute: off
04/20/2015 10:27:48  Presence::load rules: rules.json
04/20/2015 10:28:06  Emitter::execute: on
04/20/2015 10:28:45  Presence::load rules: rules.json
04/20/2015 10:28:50  Emitter::execute: on
04/20/2015 10:28:54  Emitter::execute: off
04/20/2015 10:29:44  Presence::load rules: rules.json
04/20/2015 10:31:19  Presence::load rules: rules.json
04/20/2015 10:31:24  Emitter::execute: on
04/20/2015 10:31:25  Emitter::execute: off
04/20/2015 10:31:47  Presence::load rules: rules.json
04/20/2015 10:32:30  Presence::load rules: rules.json
04/20/2015 10:35:00  Presence::load rules: rules.json
04/20/2015 10:38:35  Emitter::execute: on
04/20/2015 10:38:37  Emitter::execute: off
04/20/2015 10:41:27  Presence::load rules: rules.json
04/20/2015 10:42:04  Emitter::execute: on
04/20/2015 10:42:07  Emitter::execute: off
04/20/2015 10:45:51  Presence::load rules: rules.json
04/20/2015 10:47:33  Presence::load rules: rules.json
04/20/2015 10:47:44  Emitter::execute: on
04/20/2015 10:47:46  Emitter::execute: off
04/20/2015 10:49:49  Presence::load rules: rules.json
04/20/2015 10:49:59  Emitter::execute: on
04/20/2015 10:50:00  Emitter::execute: off
04/20/2015 10:56:03  Presence::load rules: rules.json
04/20/2015 10:56:12  Emitter::execute: on
04/20/2015 10:56:16  Emitter::execute: off
04/20/2015 11:01:40  Presence::load rules: rules.json
04/20/2015 11:03:15  Presence::load rules: rules.json
04/20/2015 11:03:22  Emitter::execute: on
04/20/2015 11:03:24  Emitter::execute: off
04/20/2015 11:06:26  Presence::load rules: rules.json
04/20/2015 11:17:41  Presence::load rules: rules.json
04/20/2015 11:17:54  Emitter::execute: on
04/20/2015 11:26:18  Presence::load rules: rules.json
04/20/2015 11:26:31  Emitter::execute: on
04/20/2015 11:27:12  Presence::load rules: rules.json
04/20/2015 11:27:16  Emitter::execute: on
04/20/2015 11:27:17  Emitter::execute: off
04/20/2015 11:29:26  Presence::load rules: rules.json
04/20/2015 11:29:32  Emitter::execute: on
04/20/2015 11:29:33  Emitter::execute: off
04/20/2015 11:32:00  Presence::load rules: rules.json
04/20/2015 11:33:22  Presence::load rules: rules.json
04/20/2015 11:33:31  Emitter::execute: on
04/20/2015 11:33:36  Emitter::execute: off
04/20/2015 11:36:37  Presence::load rules: rules.json
04/20/2015 11:38:09  Presence::load rules: rules.json
04/20/2015 11:38:15  Emitter::execute: on
04/20/2015 11:38:16  Emitter::execute: off
04/20/2015 11:47:07  Presence::load rules: rules.json
04/20/2015 11:48:13  Presence::load rules: rules.json
04/20/2015 11:52:08  Presence::load rules: rules.json
04/20/2015 11:54:01  Presence::load rules: rules.json
04/20/2015 11:54:11  Emitter::execute: on
04/20/2015 11:54:12  Emitter::execute: off
04/20/2015 11:54:52  Presence::load rules: rules.json
04/20/2015 11:54:56  Emitter::execute: on
04/20/2015 11:54:57  Emitter::execute: off
04/21/2015 09:34:09  Presence::load rules: rules.json
04/21/2015 09:34:50  Presence::load rules: rules.json
04/21/2015 09:35:30  Presence::load rules: rules.json
04/21/2015 09:36:24  Presence::load rules: rules.json
04/21/2015 09:37:18  Presence::load rules: rules.json
04/21/2015 09:37:46  Presence::load rules: rules.json
04/21/2015 09:37:57  Presence::load rules: rules.json
04/21/2015 09:39:54  Presence::load rules: rules.json
04/21/2015 09:39:54  Starting new HTTP connection (1): mafreebox.freebox.fr
04/21/2015 09:40:36  Presence::load rules: rules.json
04/21/2015 09:40:36  Starting new HTTP connection (1): mafreebox.freebox.fr
04/21/2015 09:41:02  "POST /api/v3/login/authorize/ ('HTTP/1.1',)" 200 None
04/21/2015 09:49:20  Presence::load rules: rules.json
04/21/2015 09:50:02  Emitter::execute: on
04/27/2015 09:20:40  Presence::load rules: rules.json
04/27/2015 09:20:54  Emitter::execute: toggle
04/27/2015 09:21:17  Emitter::execute: toggle
04/27/2015 09:21:54  Presence::load rules: rules.json
04/27/2015 09:21:58  Emitter::execute: toggle
04/27/2015 09:22:04  Emitter::execute: toggle
04/27/2015 09:22:06  Emitter::execute: toggle
04/27/2015 09:22:08  Emitter::execute: toggle
04/27/2015 09:22:10  Emitter::execute: toggle
04/27/2015 09:22:19  Emitter::execute: toggle
04/27/2015 09:22:20  Emitter::execute: toggle
04/27/2015 09:22:31  Emitter::execute: toggle
04/27/2015 09:22:34  Emitter::execute: off
04/27/2015 09:22:34  Emitter::execute: off
04/27/2015 09:22:38  Emitter::execute: on
04/27/2015 09:22:42  Emitter::execute: toggle
04/27/2015 09:22:43  Emitter::execute: on
04/27/2015 10:49:06  Presence::load rules: rules.json
04/27/2015 10:49:45  Presence::load rules: rules.json
04/27/2015 10:58:44  Presence::load rules: rules.json
04/27/2015 10:59:07  Presence::load rules: rules.json
04/27/2015 10:59:42  Presence::load rules: rules.json
04/27/2015 11:00:09  Presence::load rules: rules.json
04/27/2015 11:00:39  Presence::load rules: rules.json
04/27/2015 11:00:48  Presence::load rules: rules.json
04/27/2015 11:01:03  Presence::load rules: rules.json
04/27/2015 11:06:16  Presence::load rules: rules.json
04/27/2015 11:06:47  Presence::load rules: rules.json
04/27/2015 11:07:42  Presence::load rules: rules.json
04/27/2015 11:07:56  Presence::load rules: rules.json
04/27/2015 11:08:24  Presence::load rules: rules.json
04/27/2015 11:13:39  Presence::load rules: rules.json
04/28/2015 11:17:15  Presence::load rules: rules.json
04/28/2015 11:18:13  Presence::load rules: rules.json
04/28/2015 11:18:28  Presence::load rules: rules.json
04/28/2015 11:18:45  Presence::load rules: rules.json
04/28/2015 11:18:58  Presence::load rules: rules.json
04/28/2015 11:27:27  Presence::load rules: rules.json
04/28/2015 11:28:20  Presence::load rules: rules.json
04/28/2015 11:28:45  Presence::load rules: rules.json
04/28/2015 11:29:22  Presence::load rules: rules.json
04/28/2015 11:33:07  Presence::load rules: rules.json
04/28/2015 11:35:47  Presence::load rules: rules.json
04/28/2015 11:38:47  Presence::load rules: rules.json
04/28/2015 11:40:04  Presence::load rules: rules.json
04/28/2015 11:40:41  Presence::load rules: rules.json
04/28/2015 11:42:13  Presence::load rules: rules.json
04/28/2015 11:43:39  Presence::load rules: rules.json
04/28/2015 11:44:39  Presence::load rules: rules.json
04/28/2015 11:46:07  Presence::load rules: rules.json
04/28/2015 11:47:23  Presence::load rules: rules.json
04/28/2015 11:49:00  Presence::load rules: rules.json
04/28/2015 11:49:36  Presence::load rules: rules.json
04/28/2015 11:52:12  Presence::load rules: rules.json
04/28/2015 11:53:14  Presence::load rules: rules.json
04/28/2015 12:05:24  Presence::load rules: rules.json
04/28/2015 12:10:49  Presence::load rules: rules.json
04/28/2015 12:12:43  Presence::load rules: rules.json
04/28/2015 12:22:06  Presence::load rules: rules.json
04/28/2015 12:25:02  Presence::load rules: rules.json
04/28/2015 12:25:39  Presence::load rules: rules.json
04/28/2015 12:26:30  Presence::load rules: rules.json
04/28/2015 12:27:28  Presence::load rules: rules.json
04/28/2015 12:28:34  Presence::load rules: rules.json
04/28/2015 07:26:31  Presence::load rules: rules.json
04/28/2015 07:29:20  Presence::load rules: rules.json
04/28/2015 07:31:38  Presence::load rules: rules.json
04/28/2015 07:32:57  Presence::load rules: rules.json
04/28/2015 07:37:52  Presence::load rules: rules.json
04/28/2015 07:44:08  Presence::load rules: rules.json
04/28/2015 07:46:37  Presence::load rules: rules.json
04/28/2015 07:47:35  Presence::load rules: rules.json
04/28/2015 07:51:48  Presence::load rules: rules.json
04/28/2015 08:31:46  Presence::load rules: rules.json
04/28/2015 08:37:08  Presence::load rules: rules.json
04/28/2015 08:38:53  Presence::load rules: rules.json
04/28/2015 08:48:14  Presence::load rules: rules.json
04/28/2015 08:48:46  Presence::load rules: rules.json
04/28/2015 08:49:16  Presence::load rules: rules.json
04/28/2015 08:50:16  Presence::load rules: rules.json
04/28/2015 08:50:25  Presence::load rules: rules.json
04/28/2015 08:51:17  Presence::load rules: rules.json
04/28/2015 08:52:12  Presence::load rules: rules.json
04/28/2015 08:53:00  Presence::load rules: rules.json
04/28/2015 08:54:02  Presence::load rules: rules.json
04/28/2015 08:56:16  Presence::load rules: rules.json
04/28/2015 08:56:31  Presence::load rules: rules.json
04/28/2015 09:34:16  Presence::load rules: rules.json
04/28/2015 09:35:36  Presence::load rules: rules.json
04/28/2015 09:35:43  Presence::load rules: rules.json
04/28/2015 09:51:17  Presence::load rules: rules.json
04/28/2015 09:57:34  Presence::load rules: rules.json
04/28/2015 10:11:25  Presence::load rules: rules.json
04/28/2015 10:13:02  Presence::load rules: rules.json
04/28/2015 10:18:15  Presence::load rules: rules.json
05/01/2015 06:13:34  Presence::load rules: rules.json
05/01/2015 06:14:54  Presence::load rules: rules.json
05/01/2015 06:15:35  Presence::load rules: rules.json
05/01/2015 06:16:10  Presence::load rules: rules.json
05/01/2015 06:16:53  Presence::load rules: rules.json
05/01/2015 06:17:45  Presence::load rules: rules.json
05/01/2015 06:19:41  Presence::load rules: rules.json
05/01/2015 06:20:23  Presence::load rules: rules.json
05/01/2015 06:21:42  Presence::load rules: rules.json
05/01/2015 06:22:05  Presence::load rules: rules.json
05/01/2015 06:23:05  Presence::load rules: rules.json
05/01/2015 06:23:51  Presence::load rules: rules.json
05/01/2015 06:25:02  Presence::load rules: rules.json
05/01/2015 06:27:04  Presence::load rules: rules.json
05/01/2015 06:28:33  Presence::load rules: rules.json
05/01/2015 06:32:42  Presence::load rules: rules.json
05/01/2015 06:36:44  Presence::load rules: rules.json
05/01/2015 06:38:06  Presence::load rules: rules.json
05/01/2015 06:39:43  Presence::load rules: rules.json
05/01/2015 06:42:57  Presence::load rules: rules.json
05/01/2015 06:44:05  Presence::load rules: rules.json
05/01/2015 06:45:02  Presence::load rules: rules.json
05/01/2015 06:48:37  Presence::load rules: rules.json
05/01/2015 06:49:28  Presence::load rules: rules.json
05/01/2015 06:53:56  Presence::load rules: rules.json
05/01/2015 06:54:47  Presence::load rules: rules.json
05/01/2015 06:55:25  Presence::load rules: rules.json
05/01/2015 06:56:42  Presence::load rules: rules.json
05/01/2015 06:57:35  Presence::load rules: rules.json
05/01/2015 06:59:47  Presence::load rules: rules.json
05/01/2015 07:00:52  Presence::load rules: rules.json
05/01/2015 07:02:01  Presence::load rules: rules.json
05/01/2015 07:02:39  Presence::load rules: rules.json
05/01/2015 07:03:15  Presence::load rules: rules.json
05/01/2015 07:05:03  Presence::load rules: rules.json
05/01/2015 07:06:47  Presence::load rules: rules.json
05/01/2015 07:08:44  Presence::load rules: rules.json
05/01/2015 07:11:30  Presence::load rules: rules.json
05/01/2015 07:39:57  Presence::load rules: rules.json
05/01/2015 08:07:04  Presence::load rules: rules.json
05/01/2015 08:07:22  Presence::load rules: rules.json
05/01/2015 08:08:35  Presence::load rules: rules.json
05/01/2015 08:09:30  Presence::load rules: rules.json
05/01/2015 08:09:51  Presence::load rules: rules.json
05/01/2015 08:13:14  Presence::load rules: rules.json
05/01/2015 08:20:42  Presence::load rules: rules.json
05/01/2015 08:25:17  Presence::load rules: rules.json
05/01/2015 08:29:35  Presence::load rules: rules.json
05/01/2015 09:31:28  Presence::load rules: rules.json
05/01/2015 09:33:41  Presence::load rules: rules.json
05/01/2015 09:48:51  Presence::load rules: rules.json
05/01/2015 09:49:19  Presence::load rules: rules.json
05/01/2015 09:50:15  Presence::load rules: rules.json
05/01/2015 10:24:42  Presence::load rules: rules.json
05/01/2015 11:00:54  Presence::load rules: rules.json
05/01/2015 11:05:26  Presence::load rules: rules.json
05/01/2015 11:10:15  Presence::load rules: rules.json
05/01/2015 11:11:05  Presence::load rules: rules.json
05/01/2015 11:16:25  Presence::load rules: rules.json
05/01/2015 11:18:55  Presence::load rules: rules.json
05/01/2015 11:19:37  Presence::load rules: rules.json
05/01/2015 11:21:29  Presence::load rules: rules.json
05/01/2015 11:22:24  Presence::load rules: rules.json
05/02/2015 12:16:47  Presence::load rules: rules.json
05/02/2015 12:29:46  Presence::load rules: rules.json
05/02/2015 12:31:12  Presence::load rules: rules.json
05/02/2015 12:32:40  Presence::load rules: rules.json
05/02/2015 12:34:05  Presence::load rules: rules.json
05/02/2015 12:35:06  Presence::load rules: rules.json
05/02/2015 12:35:34  Presence::load rules: rules.json
05/02/2015 12:38:38  Presence::load rules: rules.json
05/02/2015 12:39:30  Presence::load rules: rules.json
05/02/2015 01:00:15  Presence::load rules: rules.json
05/02/2015 01:09:38  Presence::load rules: rules.json
05/02/2015 01:11:28  Presence::load rules: rules.json
05/02/2015 01:14:35  Presence::load rules: rules.json
05/02/2015 01:16:07  Presence::load rules: rules.json
05/02/2015 01:17:01  Presence::load rules: rules.json
05/02/2015 01:18:31  Presence::load rules: rules.json
05/02/2015 01:19:58  Presence::load rules: rules.json
05/02/2015 01:20:47  Presence::load rules: rules.json
05/02/2015 01:21:53  Presence::load rules: rules.json
05/02/2015 01:23:04  Presence::load rules: rules.json
05/02/2015 01:23:59  Presence::load rules: rules.json
05/02/2015 01:24:54  Presence::load rules: rules.json
05/02/2015 01:25:25  Presence::load rules: rules.json
05/02/2015 01:26:28  Presence::load rules: rules.json
05/02/2015 01:26:47  Presence::load rules: rules.json
05/02/2015 01:28:25  Presence::load rules: rules.json
05/02/2015 01:30:35  Presence::load rules: rules.json
05/02/2015 01:32:04  Presence::load rules: rules.json
05/02/2015 01:33:56  Presence::load rules: rules.json
05/02/2015 01:38:56  Presence::load rules: rules.json
05/02/2015 01:40:06  Presence::load rules: rules.json
05/02/2015 01:42:06  Presence::load rules: rules.json
05/02/2015 01:46:14  Presence::load rules: rules.json
05/02/2015 07:03:10  Presence::load rules: rules.json
05/02/2015 07:04:20  Presence::load rules: rules.json
05/02/2015 07:05:46  Presence::load rules: rules.json
05/02/2015 07:08:20  Presence::load rules: rules.json
05/02/2015 07:10:04  Presence::load rules: rules.json
05/02/2015 07:10:25  Presence::load rules: rules.json
05/02/2015 07:11:41  Presence::load rules: rules.json
05/02/2015 07:12:58  Presence::load rules: rules.json
05/02/2015 07:14:51  Presence::load rules: rules.json
05/02/2015 07:15:15  Presence::load rules: rules.json
05/02/2015 07:16:23  Presence::load rules: rules.json
05/02/2015 07:16:59  Presence::load rules: rules.json
05/02/2015 07:19:57  Presence::load rules: rules.json
05/02/2015 07:21:04  Presence::load rules: rules.json
05/02/2015 07:22:10  Presence::load rules: rules.json
05/02/2015 07:23:12  Presence::load rules: rules.json
05/02/2015 07:23:46  Presence::load rules: rules.json
05/02/2015 07:24:56  Presence::load rules: rules.json
05/02/2015 07:26:38  Presence::load rules: rules.json
05/02/2015 07:27:13  Presence::load rules: rules.json
05/02/2015 07:28:39  Presence::load rules: rules.json
05/02/2015 07:45:21  Presence::load rules: rules.json
05/02/2015 08:43:19  Presence::load rules: rules.json
05/02/2015 08:46:47  Presence::load rules: rules.json
05/02/2015 08:48:18  Presence::load rules: rules.json
05/02/2015 08:51:58  Presence::load rules: rules.json
05/02/2015 09:24:28  Presence::load rules: rules.json
05/02/2015 09:27:28  Presence::load rules: rules.json
05/02/2015 09:27:58  Presence::load rules: rules.json
05/02/2015 09:30:46  Presence::load rules: rules.json
05/02/2015 09:32:57  Presence::load rules: rules.json
05/02/2015 09:36:34  Presence::load rules: rules.json
05/02/2015 09:38:13  Presence::load rules: rules.json
05/02/2015 09:40:25  Presence::load rules: rules.json
05/02/2015 09:46:28  Presence::load rules: rules.json
05/02/2015 09:47:36  Presence::load rules: rules.json
05/02/2015 09:50:20  Presence::load rules: rules.json
05/02/2015 09:51:11  Presence::load rules: rules.json
05/02/2015 09:52:58  Presence::load rules: rules.json
05/02/2015 09:54:37  Presence::load rules: rules.json
05/02/2015 09:57:19  Presence::load rules: rules.json
05/02/2015 10:03:52  Presence::load rules: rules.json
05/02/2015 10:08:27  Presence::load rules: rules.json
05/03/2015 09:22:53  Presence::load rules: rules.json
05/03/2015 09:23:12  Presence::load rules: rules.json
05/03/2015 09:27:30  Presence::load rules: rules.json
05/03/2015 09:30:35  Presence::load rules: rules.json
05/03/2015 09:34:37  Presence::load rules: rules.json
05/03/2015 09:34:56  Presence::load rules: rules.json
05/03/2015 09:35:34  Presence::load rules: rules.json
05/03/2015 09:36:28  Presence::load rules: rules.json
05/03/2015 09:38:20  Presence::load rules: rules.json
05/03/2015 09:40:23  Presence::load rules: rules.json
05/03/2015 09:43:52  Presence::load rules: rules.json
05/03/2015 09:44:37  Presence::load rules: rules.json
05/03/2015 09:45:24  Presence::load rules: rules.json
05/03/2015 09:46:26  Presence::load rules: rules.json
05/03/2015 09:47:25  Presence::load rules: rules.json
05/03/2015 09:48:36  Presence::load rules: rules.json
05/03/2015 09:51:06  Presence::load rules: rules.json
05/03/2015 09:53:03  Presence::load rules: rules.json
05/03/2015 09:54:47  Presence::load rules: rules.json
05/03/2015 09:56:45  Presence::load rules: rules.json
05/03/2015 09:57:31  Presence::load rules: rules.json
05/04/2015 01:08:50  Presence::load rules: rules.json
05/04/2015 01:10:08  Presence::load rules: rules.json
05/04/2015 01:11:44  Presence::load rules: rules.json
05/04/2015 01:16:44  Presence::load rules: rules.json
05/04/2015 01:20:29  Presence::load rules: rules.json
05/04/2015 01:22:10  Presence::load rules: rules.json
05/04/2015 01:26:24  Presence::load rules: rules.json
05/04/2015 01:27:52  Presence::load rules: rules.json
05/04/2015 01:29:16  Presence::load rules: rules.json
05/04/2015 01:33:41  Presence::load rules: rules.json
05/04/2015 01:36:48  Presence::load rules: rules.json
05/04/2015 01:37:48  Presence::load rules: rules.json
05/04/2015 02:03:54  Presence::load rules: rules.json
05/04/2015 02:04:09  Presence::load rules: rules.json
05/04/2015 02:04:57  Presence::load rules: rules.json
05/04/2015 02:06:20  Presence::load rules: rules.json
05/04/2015 02:09:38  Presence::load rules: rules.json
05/04/2015 02:12:21  Presence::load rules: rules.json
05/04/2015 02:14:35  Presence::load rules: rules.json
05/04/2015 02:24:12  Presence::load rules: rules.json
05/04/2015 02:27:47  Presence::load rules: rules.json
05/04/2015 02:31:57  Presence::load rules: rules.json
05/04/2015 02:41:25  Presence::load rules: rules.json
05/04/2015 02:52:58  Presence::load rules: rules.json
05/04/2015 02:56:14  Presence::load rules: rules.json
05/04/2015 02:59:02  Presence::load rules: rules.json
05/04/2015 03:01:34  Presence::load rules: rules.json
05/04/2015 03:03:53  Presence::load rules: rules.json
05/04/2015 03:05:11  Presence::load rules: rules.json
05/04/2015 03:06:36  Presence::load rules: rules.json
05/04/2015 03:08:17  Presence::load rules: rules.json
05/04/2015 03:10:01  Presence::load rules: rules.json
05/04/2015 03:15:03  Presence::load rules: rules.json
05/04/2015 03:15:45  Presence::load rules: rules.json
05/04/2015 03:33:04  Presence::load rules: rules.json
05/04/2015 03:33:55  Presence::load rules: rules.json
05/04/2015 03:34:25  Presence::load rules: rules.json
05/04/2015 03:34:44  Presence::load rules: rules.json
05/04/2015 03:42:57  Presence::load rules: rules.json
05/04/2015 03:46:38  Presence::load rules: rules.json
05/04/2015 03:49:27  Presence::load rules: rules.json
05/04/2015 03:53:59  Presence::load rules: rules.json
05/04/2015 03:57:19  Presence::load rules: rules.json
05/04/2015 05:23:57  Presence::load rules: rules.json
05/04/2015 05:28:50  Presence::load rules: rules.json
05/04/2015 05:29:20  Presence::load rules: rules.json
05/04/2015 05:40:21  Presence::load rules: rules.json
05/04/2015 05:40:40  Presence::load rules: rules.json
05/04/2015 05:44:11  Presence::load rules: rules.json
05/04/2015 05:46:34  Presence::load rules: rules.json
05/04/2015 05:47:10  Presence::load rules: rules.json
05/04/2015 05:48:28  Presence::load rules: rules.json
05/04/2015 05:49:24  Presence::load rules: rules.json
05/04/2015 05:49:56  Presence::load rules: rules.json
05/04/2015 06:10:32  Presence::load rules: rules.json
05/04/2015 06:11:38  Presence::load rules: rules.json
05/04/2015 06:19:24  Presence::load rules: rules.json
05/04/2015 06:23:22  Presence::load rules: rules.json
05/04/2015 06:24:23  Presence::load rules: rules.json
05/04/2015 06:30:01  Presence::execute: 68627129/true
05/04/2015 06:30:01  Presence::change: 68627129 > True
05/04/2015 06:39:36  Presence::execute: 68627129/true
05/04/2015 06:39:36  Presence::change: 68627129 > True
05/04/2015 06:40:02  Presence::execute: 68627129/true
05/04/2015 06:40:02  Presence::change: 68627129 > True
05/04/2015 06:43:41  Presence::load rules: rules.json
05/04/2015 06:46:32  Presence::load rules: rules.json
05/04/2015 06:47:43  Presence::load rules: rules.json
05/04/2015 06:48:17  Presence::load rules: rules.json
05/04/2015 06:49:24  Presence::load rules: rules.json
05/04/2015 06:49:44  Presence::load rules: rules.json
05/04/2015 06:53:55  Presence::execute: 68627129/true
05/04/2015 06:53:55  Presence::change: 68627129 > True
05/04/2015 06:53:55  Presence::checkRules: Shutdown when empty > False
05/04/2015 06:53:55  Presence::checkRules: Light on night if presence > False
05/04/2015 06:54:09  Presence::execute: 68627129/true
05/04/2015 06:54:25  Presence::execute: 68627129/true
05/04/2015 06:59:45  Presence::load rules: rules.json
05/04/2015 07:02:54  Presence::load rules: rules.json
05/04/2015 07:04:32  Presence::load rules: rules.json
05/04/2015 07:15:01  Presence::load rules: rules.json
05/04/2015 07:19:05  Presence::load rules: rules.json
05/04/2015 07:21:49  Presence::load rules: rules.json
05/04/2015 07:24:27  Presence::load rules: rules.json
05/04/2015 07:26:36  Presence::load rules: rules.json
05/04/2015 07:29:32  Presence::load rules: rules.json
05/04/2015 07:38:01  Presence::load rules: rules.json
05/04/2015 07:40:02  Presence::load rules: rules.json
05/04/2015 07:41:59  Presence::load rules: rules.json
05/04/2015 07:45:49  Presence::load rules: rules.json
05/04/2015 07:48:37  Presence::load rules: rules.json
05/04/2015 07:50:01  Presence::load rules: rules.json
05/04/2015 07:56:04  Presence::load rules: rules.json
05/04/2015 08:03:09  Presence::load rules: rules.json
05/04/2015 08:03:31  Presence::load rules: rules.json
05/04/2015 08:04:37  Presence::load rules: rules.json
05/04/2015 08:05:31  Presence::load rules: rules.json
05/04/2015 08:05:50  Presence::load rules: rules.json
05/04/2015 08:06:30  Presence::load rules: rules.json
05/04/2015 08:07:05  Presence::load rules: rules.json
05/04/2015 08:56:53  Presence::load rules: rules.json
05/04/2015 09:10:59  Presence::load rules: rules.json
05/04/2015 09:19:41  Presence::load rules: rules.json
05/04/2015 09:21:34  Presence::load rules: rules.json
05/04/2015 09:22:47  Presence::load rules: rules.json
05/04/2015 09:25:30  Presence::load rules: rules.json
05/04/2015 09:27:15  Presence::load rules: rules.json
05/04/2015 09:27:33  Presence::load rules: rules.json
05/04/2015 09:28:18  Presence::load rules: rules.json
05/04/2015 09:30:08  Presence::load rules: rules.json
05/04/2015 09:31:41  Presence::load rules: rules.json
05/04/2015 09:32:03  Presence::load rules: rules.json
05/04/2015 09:32:31  Presence::load rules: rules.json
05/04/2015 09:41:10  Presence::load rules: rules.json
05/04/2015 09:57:16  Presence::load rules: rules.json
05/04/2015 09:57:51  Presence::load rules: rules.json
05/04/2015 09:59:56  Presence::load rules: rules.json
05/04/2015 10:01:32  Presence::load rules: rules.json
05/04/2015 10:12:30  Presence::load rules: rules.json
05/04/2015 10:12:51  Presence::load rules: rules.json
05/04/2015 10:14:25  Presence::load rules: rules.json
05/04/2015 10:14:59  Presence::load rules: rules.json
05/04/2015 10:16:02  Presence::load rules: rules.json
05/04/2015 10:18:02  Presence::load rules: rules.json
05/04/2015 10:20:21  Presence::load rules: rules.json
05/04/2015 10:20:50  Presence::load rules: rules.json
05/04/2015 10:21:10  Presence::load rules: rules.json
05/04/2015 10:21:54  Presence::load rules: rules.json
05/04/2015 10:22:41  Presence::load rules: rules.json
05/04/2015 10:23:05  Presence::load rules: rules.json
05/04/2015 10:23:59  Presence::load rules: rules.json
05/04/2015 10:24:18  Presence::load rules: rules.json
05/04/2015 10:25:20  Presence::load rules: rules.json
05/04/2015 10:25:44  Presence::load rules: rules.json
05/04/2015 10:26:31  Presence::load rules: rules.json
05/04/2015 10:27:12  Presence::load rules: rules.json
05/04/2015 10:34:15  Presence::load rules: rules.json
05/04/2015 10:34:56  Presence::load rules: rules.json
05/04/2015 10:35:22  Presence::load rules: rules.json
05/04/2015 10:36:16  Presence::load rules: rules.json
05/04/2015 10:36:50  Presence::load rules: rules.json
05/04/2015 10:37:10  Presence::load rules: rules.json
05/04/2015 10:41:16  Presence::load rules: rules.json
05/04/2015 10:42:25  Presence::load rules: rules.json
05/04/2015 10:42:54  Presence::load rules: rules.json
05/04/2015 10:43:59  Presence::load rules: rules.json
05/04/2015 10:45:00  Presence::load rules: rules.json
05/04/2015 10:49:18  Presence::load rules: rules.json
05/04/2015 10:52:11  Presence::load rules: rules.json
05/04/2015 10:54:19  Presence::load rules: rules.json
05/04/2015 10:54:40  Presence::load rules: rules.json
05/04/2015 10:56:27  Presence::load rules: rules.json
05/04/2015 11:14:15  Presence::load rules: rules.json
05/04/2015 11:15:10  Presence::load rules: rules.json
05/04/2015 11:15:37  Presence::load rules: rules.json
05/04/2015 11:15:49  Presence::load rules: rules.json
05/04/2015 11:16:04  Presence::load rules: rules.json
05/04/2015 11:17:36  Presence::load rules: rules.json
05/07/2015 12:31:31  Presence::load rules: /usr/local/piserver/rules.json
05/07/2015 12:33:54  Presence::load rules: /usr/local/piserver/rules.json
05/07/2015 12:52:48  Presence::load rules: /usr/local/piserver/rules.json
05/07/2015 12:53:47  Presence::load rules: rules.json
05/07/2015 12:54:00  Presence::load rules: rules.json
05/07/2015 12:54:13  Presence::load rules: rules.json
05/07/2015 12:54:25  Presence::load rules: rules.json
05/07/2015 12:54:36  Presence::load rules: rules.json
05/07/2015 12:59:30  Presence::load rules: rules.json
05/07/2015 01:02:07  Presence::load rules: rules.json
05/07/2015 01:02:22  Presence::load rules: rules.json
05/07/2015 01:04:08  Presence::load rules: rules.json
05/07/2015 01:05:08  Presence::load rules: rules.json
05/07/2015 01:05:17  Presence::load rules: rules.json
05/07/2015 01:05:31  Presence::load rules: rules.json
05/07/2015 01:06:07  Presence::load rules: rules.json
05/07/2015 01:06:25  Presence::load rules: rules.json
05/07/2015 01:06:51  Presence::load rules: rules.json
05/07/2015 01:18:40  Presence::load rules: rules.json
05/07/2015 01:18:51  Presence::load rules: rules.json
05/07/2015 01:19:07  Presence::load rules: rules.json
05/07/2015 01:19:53  Presence::load rules: rules.json
05/07/2015 01:20:31  Presence::load rules: rules.json
05/07/2015 01:20:36  Presence::load rules: rules.json
05/07/2015 01:20:44  Presence::load rules: rules.json
05/07/2015 01:25:06  Presence::load rules: rules.json
05/07/2015 01:25:31  Presence::load rules: rules.json
05/07/2015 01:25:36  Presence::load rules: rules.json
05/07/2015 01:27:32  Presence::load rules: rules.json
05/07/2015 01:34:00  Presence::load rules: rules.json
05/07/2015 01:34:44  Presence::load rules: rules.json
05/07/2015 01:35:30  Presence::load rules: rules.json
05/07/2015 01:49:32  Presence::load rules: /usr/local/piserver/rules.json
05/07/2015 01:49:32  Chacon::load emitters and receivers: /usr/local/piserver/chacon.json
05/07/2015 01:49:57  Presence::load rules: /usr/local/piserver/rules.json
05/07/2015 01:49:57  Chacon::load emitters and receivers: /usr/local/piserver/chacon.json
05/07/2015 01:49:57  Alarm::load alarms: /usr/local/piserver/alarms.json
05/07/2015 02:08:00  Presence::load rules: rules.json
05/07/2015 02:08:00  Chacon::load emitters and receivers: chacon.json
05/07/2015 02:08:00  Alarm::load alarms: alarms.json
05/07/2015 02:08:17  Presence::load rules: rules.json
05/07/2015 02:08:17  Chacon::load emitters and receivers: chacon.json
05/07/2015 02:08:17  Alarm::load alarms: alarms.json
05/07/2015 02:08:29  Presence::load rules: rules.json
05/07/2015 02:08:29  Chacon::load emitters and receivers: chacon.json
05/07/2015 02:08:29  Alarm::load alarms: alarms.json
05/07/2015 02:08:29  Starting new HTTP connection (1): mafreebox.freebox.fr
05/07/2015 02:08:31  "GET /api/v1/login/authorize/6 ('HTTP/1.1',)" 200 None
05/07/2015 02:08:49  Starting new HTTP connection (1): mafreebox.freebox.fr
05/07/2015 02:08:50  "GET /api/v1/login/authorize/6 ('HTTP/1.1',)" 200 None
05/07/2015 02:08:50  Starting new HTTP connection (1): mafreebox.freebox.fr
05/07/2015 02:08:50  "GET /api/v1/login/ ('HTTP/1.1',)" 200 None
05/07/2015 02:08:50  Starting new HTTP connection (1): mafreebox.freebox.fr
05/07/2015 02:08:50  "POST /api/v1/login/session/ ('HTTP/1.1',)" 200 None
05/07/2015 02:08:50  Starting new HTTP connection (1): mafreebox.freebox.fr
05/07/2015 02:08:51  "GET /api/v3/airmedia/receivers/ ('HTTP/1.1',)" 200 None
05/07/2015 02:08:51  Starting new HTTP connection (1): mafreebox.freebox.fr
05/07/2015 02:08:51  "POST /api/v3/airmedia/receivers/Freebox%20Player/ ('HTTP/1.1',)" 200 None
05/07/2015 02:10:05  Presence::load rules: rules.json
05/07/2015 02:10:05  Chacon::load emitters and receivers: chacon.json
05/07/2015 02:10:05  Alarm::load alarms: alarms.json
05/07/2015 02:10:05  Starting new HTTP connection (1): mafreebox.freebox.fr
05/07/2015 02:10:06  "GET /api/v1/login/authorize/6 ('HTTP/1.1',)" 200 None
05/07/2015 02:10:06  Starting new HTTP connection (1): mafreebox.freebox.fr
05/07/2015 02:10:06  "GET /api/v1/login/authorize/6 ('HTTP/1.1',)" 200 None
05/07/2015 02:10:06  Starting new HTTP connection (1): mafreebox.freebox.fr
05/07/2015 02:10:06  "GET /api/v1/login/ ('HTTP/1.1',)" 200 None
05/07/2015 02:10:06  Starting new HTTP connection (1): mafreebox.freebox.fr
05/07/2015 02:10:07  "POST /api/v1/login/session/ ('HTTP/1.1',)" 200 None
05/07/2015 02:10:07  Starting new HTTP connection (1): mafreebox.freebox.fr
05/07/2015 02:10:07  "GET /api/v3/airmedia/receivers/ ('HTTP/1.1',)" 200 None
05/07/2015 02:10:07  Starting new HTTP connection (1): mafreebox.freebox.fr
05/07/2015 02:10:07  "POST /api/v3/airmedia/receivers/Freebox%20Player/ ('HTTP/1.1',)" 200 None
05/07/2015 02:16:38  Presence::load rules: rules.json
05/07/2015 02:16:38  Chacon::load emitters and receivers: chacon.json
05/07/2015 02:16:38  Alarm::load alarms: alarms.json
05/07/2015 02:17:36  Presence::load rules: rules.json
05/07/2015 02:17:36  Chacon::load emitters and receivers: chacon.json
05/07/2015 02:17:36  Alarm::load alarms: alarms.json
05/07/2015 02:17:49  Presence::load rules: rules.json
05/07/2015 02:17:49  Chacon::load emitters and receivers: chacon.json
05/07/2015 02:17:49  Alarm::load alarms: alarms.json
05/07/2015 02:17:49  Starting new HTTP connection (1): mafreebox.freebox.fr
05/07/2015 02:17:49  "GET /api/v1/login/authorize/6 ('HTTP/1.1',)" 200 None
05/07/2015 02:18:21  Presence::load rules: rules.json
05/07/2015 02:18:21  Chacon::load emitters and receivers: chacon.json
05/07/2015 02:18:21  Alarm::load alarms: alarms.json
05/07/2015 02:18:21  Starting new HTTP connection (1): mafreebox.freebox.fr
05/07/2015 02:18:21  "GET /api/v1/login/authorize/6 ('HTTP/1.1',)" 200 None
05/07/2015 02:18:21  Starting new HTTP connection (1): mafreebox.freebox.fr
05/07/2015 02:18:22  "GET /api/v1/login/authorize/6 ('HTTP/1.1',)" 200 None
05/07/2015 02:18:22  Starting new HTTP connection (1): mafreebox.freebox.fr
05/07/2015 02:18:22  "GET /api/v1/login/ ('HTTP/1.1',)" 200 None
05/07/2015 02:18:51  Presence::load rules: rules.json
05/07/2015 02:18:51  Chacon::load emitters and receivers: chacon.json
05/07/2015 02:18:51  Alarm::load alarms: alarms.json
05/07/2015 02:18:51  Starting new HTTP connection (1): mafreebox.freebox.fr
05/07/2015 02:18:51  "GET /api/v1/login/authorize/6 ('HTTP/1.1',)" 200 None
05/07/2015 02:18:51  Starting new HTTP connection (1): mafreebox.freebox.fr
05/07/2015 02:18:51  "GET /api/v1/login/authorize/6 ('HTTP/1.1',)" 200 None
05/07/2015 02:18:51  Starting new HTTP connection (1): mafreebox.freebox.fr
05/07/2015 02:18:51  "GET /api/v1/login/ ('HTTP/1.1',)" 200 None
05/07/2015 02:19:30  Presence::load rules: rules.json
05/07/2015 02:19:30  Chacon::load emitters and receivers: chacon.json
05/07/2015 02:19:30  Alarm::load alarms: alarms.json
05/07/2015 02:19:30  Starting new HTTP connection (1): mafreebox.freebox.fr
05/07/2015 02:19:30  "GET /api/v1/login/authorize/6 ('HTTP/1.1',)" 200 None
05/07/2015 02:19:30  Starting new HTTP connection (1): mafreebox.freebox.fr
05/07/2015 02:19:31  "GET /api/v1/login/authorize/6 ('HTTP/1.1',)" 200 None
05/07/2015 02:19:31  Starting new HTTP connection (1): mafreebox.freebox.fr
05/07/2015 02:19:31  "GET /api/v1/login/ ('HTTP/1.1',)" 200 None
05/07/2015 02:19:31  Starting new HTTP connection (1): mafreebox.freebox.fr
05/07/2015 02:19:31  "POST /api/v1/login/session/ ('HTTP/1.1',)" 200 None
05/07/2015 02:19:31  Starting new HTTP connection (1): mafreebox.freebox.fr
05/07/2015 02:19:31  "GET /api/v3/airmedia/receivers/ ('HTTP/1.1',)" 200 None
05/07/2015 02:19:31  Starting new HTTP connection (1): mafreebox.freebox.fr
05/07/2015 02:19:31  "POST /api/v3/airmedia/receivers/Freebox%20Player/ ('HTTP/1.1',)" 200 None
05/07/2015 02:19:43  Starting new HTTP connection (1): mafreebox.freebox.fr
05/07/2015 02:19:43  "GET /api/v3/airmedia/receivers/ ('HTTP/1.1',)" 200 None
05/07/2015 02:19:43  Starting new HTTP connection (1): mafreebox.freebox.fr
05/07/2015 02:19:43  "POST /api/v3/airmedia/receivers/Freebox%20Player/ ('HTTP/1.1',)" 200 None
05/07/2015 02:19:57  Starting new HTTP connection (1): mafreebox.freebox.fr
05/07/2015 02:19:57  "GET /api/v3/airmedia/receivers/ ('HTTP/1.1',)" 200 None
05/07/2015 02:19:57  Starting new HTTP connection (1): mafreebox.freebox.fr
05/07/2015 02:19:57  "POST /api/v3/airmedia/receivers/Freebox%20Player/ ('HTTP/1.1',)" 200 None
05/07/2015 02:20:13  Starting new HTTP connection (1): mafreebox.freebox.fr
05/07/2015 02:20:13  "GET /api/v3/airmedia/receivers/ ('HTTP/1.1',)" 200 None
05/07/2015 02:20:13  Starting new HTTP connection (1): mafreebox.freebox.fr
05/07/2015 02:20:13  "POST /api/v3/airmedia/receivers/Freebox%20Player/ ('HTTP/1.1',)" 200 None
05/07/2015 02:20:47  Starting new HTTP connection (1): mafreebox.freebox.fr
05/07/2015 02:20:47  "GET /api/v3/airmedia/receivers/ ('HTTP/1.1',)" 200 None
05/07/2015 02:20:47  Starting new HTTP connection (1): mafreebox.freebox.fr
05/07/2015 02:20:47  "POST /api/v3/airmedia/receivers/Freebox%20Player/ ('HTTP/1.1',)" 200 None
05/07/2015 02:20:51  Starting new HTTP connection (1): mafreebox.freebox.fr
05/07/2015 02:20:51  "GET /api/v3/airmedia/receivers/ ('HTTP/1.1',)" 200 None
05/07/2015 02:20:51  Starting new HTTP connection (1): mafreebox.freebox.fr
05/07/2015 02:20:51  "POST /api/v3/airmedia/receivers/Freebox%20Player/ ('HTTP/1.1',)" 200 None
05/07/2015 02:20:54  Starting new HTTP connection (1): mafreebox.freebox.fr
05/07/2015 02:20:54  "GET /api/v3/airmedia/receivers/ ('HTTP/1.1',)" 200 None
05/07/2015 02:20:54  Starting new HTTP connection (1): mafreebox.freebox.fr
05/07/2015 02:20:54  "POST /api/v3/airmedia/receivers/Freebox%20Player/ ('HTTP/1.1',)" 200 None
05/07/2015 02:20:55  Starting new HTTP connection (1): mafreebox.freebox.fr
05/07/2015 02:20:55  "GET /api/v3/airmedia/receivers/ ('HTTP/1.1',)" 200 None
05/07/2015 02:20:55  Starting new HTTP connection (1): mafreebox.freebox.fr
05/07/2015 02:20:56  "POST /api/v3/airmedia/receivers/Freebox%20Player/ ('HTTP/1.1',)" 200 None
05/07/2015 02:20:59  Starting new HTTP connection (1): mafreebox.freebox.fr
05/07/2015 02:20:59  "GET /api/v3/airmedia/receivers/ ('HTTP/1.1',)" 200 None
05/07/2015 02:20:59  Starting new HTTP connection (1): mafreebox.freebox.fr
05/07/2015 02:20:59  "POST /api/v3/airmedia/receivers/Freebox%20Player/ ('HTTP/1.1',)" 200 None
05/07/2015 02:22:48  Presence::load rules: rules.json
05/07/2015 02:22:48  Chacon::load emitters and receivers: chacon.json
05/07/2015 02:22:48  Alarm::load alarms: alarms.json
05/07/2015 02:22:48  Starting new HTTP connection (1): mafreebox.freebox.fr
05/07/2015 02:22:48  "GET /api/v1/login/authorize/6 ('HTTP/1.1',)" 200 None
05/07/2015 02:22:48  Starting new HTTP connection (1): mafreebox.freebox.fr
05/07/2015 02:22:49  "GET /api/v1/login/authorize/6 ('HTTP/1.1',)" 200 None
05/07/2015 02:22:49  Starting new HTTP connection (1): mafreebox.freebox.fr
05/07/2015 02:22:49  "GET /api/v1/login/ ('HTTP/1.1',)" 200 None
05/07/2015 02:22:49  Starting new HTTP connection (1): mafreebox.freebox.fr
05/07/2015 02:22:49  "POST /api/v1/login/session/ ('HTTP/1.1',)" 200 None
05/07/2015 02:22:49  Starting new HTTP connection (1): mafreebox.freebox.fr
05/07/2015 02:22:49  "GET /api/v3/airmedia/receivers/ ('HTTP/1.1',)" 200 None
05/07/2015 02:22:49  Starting new HTTP connection (1): mafreebox.freebox.fr
05/07/2015 02:22:49  "POST /api/v3/airmedia/receivers/Freebox%20Player/ ('HTTP/1.1',)" 200 None
05/07/2015 02:23:52  Presence::load rules: rules.json
05/07/2015 02:23:52  Chacon::load emitters and receivers: chacon.json
05/07/2015 02:23:52  Alarm::load alarms: alarms.json
05/07/2015 02:23:52  Starting new HTTP connection (1): mafreebox.freebox.fr
05/07/2015 02:23:52  "GET /api/v1/login/authorize/6 ('HTTP/1.1',)" 200 None
05/07/2015 02:23:52  Starting new HTTP connection (1): mafreebox.freebox.fr
05/07/2015 02:23:52  "GET /api/v1/login/authorize/6 ('HTTP/1.1',)" 200 None
05/07/2015 02:23:52  Starting new HTTP connection (1): mafreebox.freebox.fr
05/07/2015 02:23:52  "GET /api/v1/login/ ('HTTP/1.1',)" 200 None
05/07/2015 02:23:52  Starting new HTTP connection (1): mafreebox.freebox.fr
05/07/2015 02:24:01  Presence::load rules: rules.json
05/07/2015 02:24:01  Chacon::load emitters and receivers: chacon.json
05/07/2015 02:24:01  Alarm::load alarms: alarms.json
05/07/2015 02:24:01  Starting new HTTP connection (1): mafreebox.freebox.fr
05/07/2015 02:24:01  "GET /api/v1/login/authorize/6 ('HTTP/1.1',)" 200 None
05/07/2015 02:24:01  Starting new HTTP connection (1): mafreebox.freebox.fr
05/07/2015 02:24:02  "GET /api/v1/login/authorize/6 ('HTTP/1.1',)" 200 None
05/07/2015 02:24:02  Starting new HTTP connection (1): mafreebox.freebox.fr
05/07/2015 02:24:02  "GET /api/v1/login/ ('HTTP/1.1',)" 200 None
05/07/2015 02:24:02  Starting new HTTP connection (1): mafreebox.freebox.fr
05/07/2015 02:24:02  "POST /api/v1/login/session/ ('HTTP/1.1',)" 200 None
05/07/2015 02:24:02  Starting new HTTP connection (1): mafreebox.freebox.fr
05/07/2015 02:24:02  "GET /api/v3/airmedia/receivers/ ('HTTP/1.1',)" 200 None
05/07/2015 02:24:02  Starting new HTTP connection (1): mafreebox.freebox.fr
05/07/2015 02:24:02  "POST /api/v3/airmedia/receivers/Freebox%20Player/ ('HTTP/1.1',)" 200 None
05/07/2015 02:27:56  Presence::load rules: rules.json
05/07/2015 02:27:56  Chacon::load emitters and receivers: chacon.json
05/07/2015 02:27:56  Alarm::load alarms: alarms.json
05/07/2015 02:27:56  Starting new HTTP connection (1): mafreebox.freebox.fr
05/07/2015 02:27:56  "GET /api/v1/login/authorize/6 ('HTTP/1.1',)" 200 None
05/07/2015 02:27:56  Starting new HTTP connection (1): mafreebox.freebox.fr
05/07/2015 02:27:56  "GET /api/v1/login/authorize/6 ('HTTP/1.1',)" 200 None
05/07/2015 02:27:56  Starting new HTTP connection (1): mafreebox.freebox.fr
05/07/2015 02:27:57  "GET /api/v1/login/ ('HTTP/1.1',)" 200 None
05/07/2015 02:27:57  Starting new HTTP connection (1): mafreebox.freebox.fr
05/07/2015 02:27:57  "POST /api/v1/login/session/ ('HTTP/1.1',)" 200 None
05/07/2015 02:27:57  Starting new HTTP connection (1): mafreebox.freebox.fr
05/07/2015 02:27:57  "GET /api/v3/airmedia/receivers/ ('HTTP/1.1',)" 200 None
05/07/2015 02:27:57  Starting new HTTP connection (1): mafreebox.freebox.fr
05/07/2015 02:27:57  "POST /api/v3/airmedia/receivers/Freebox%20Player/ ('HTTP/1.1',)" 200 None
05/07/2015 02:31:25  Presence::load rules: rules.json
05/07/2015 02:31:25  Chacon::load emitters and receivers: chacon.json
05/07/2015 02:31:25  Alarm::load alarms: alarms.json
05/07/2015 02:31:26  Starting new HTTP connection (1): mafreebox.freebox.fr
05/07/2015 02:31:26  "GET /api/v1/login/authorize/6 ('HTTP/1.1',)" 200 None
05/07/2015 02:31:26  Starting new HTTP connection (1): mafreebox.freebox.fr
05/07/2015 02:31:27  "GET /api/v1/login/authorize/6 ('HTTP/1.1',)" 200 None
05/07/2015 02:31:27  Starting new HTTP connection (1): mafreebox.freebox.fr
05/07/2015 02:31:27  "GET /api/v1/login/ ('HTTP/1.1',)" 200 None
05/07/2015 02:31:27  Starting new HTTP connection (1): mafreebox.freebox.fr
05/07/2015 02:31:27  "POST /api/v1/login/session/ ('HTTP/1.1',)" 200 None
05/07/2015 02:31:27  Starting new HTTP connection (1): mafreebox.freebox.fr
05/07/2015 02:31:28  "GET /api/v3/airmedia/receivers/ ('HTTP/1.1',)" 200 None
05/07/2015 02:31:28  Starting new HTTP connection (1): mafreebox.freebox.fr
05/07/2015 02:31:28  "POST /api/v3/airmedia/receivers/Freebox%20Player/ ('HTTP/1.1',)" 200 None
05/07/2015 02:31:31  Starting new HTTP connection (1): mafreebox.freebox.fr
05/07/2015 02:31:31  "GET /api/v3/airmedia/receivers/ ('HTTP/1.1',)" 200 None
05/07/2015 02:31:31  Starting new HTTP connection (1): mafreebox.freebox.fr
05/07/2015 02:31:31  "POST /api/v3/airmedia/receivers/Freebox%20Player/ ('HTTP/1.1',)" 200 None
05/07/2015 02:32:01  Presence::load rules: rules.json
05/07/2015 02:32:01  Chacon::load emitters and receivers: chacon.json
05/07/2015 02:32:01  Alarm::load alarms: alarms.json
05/07/2015 02:32:01  Starting new HTTP connection (1): mafreebox.freebox.fr
05/07/2015 02:32:02  "GET /api/v1/login/authorize/6 ('HTTP/1.1',)" 200 None
05/07/2015 02:32:02  Starting new HTTP connection (1): mafreebox.freebox.fr
05/07/2015 02:32:02  "GET /api/v1/login/authorize/6 ('HTTP/1.1',)" 200 None
05/07/2015 02:32:02  Starting new HTTP connection (1): mafreebox.freebox.fr
05/07/2015 02:32:02  "GET /api/v1/login/ ('HTTP/1.1',)" 200 None
05/07/2015 02:32:02  Starting new HTTP connection (1): mafreebox.freebox.fr
05/07/2015 02:32:03  "POST /api/v1/login/session/ ('HTTP/1.1',)" 200 None
05/07/2015 02:32:03  Starting new HTTP connection (1): mafreebox.freebox.fr
05/07/2015 02:32:03  "GET /api/v3/airmedia/receivers/ ('HTTP/1.1',)" 200 None
05/07/2015 02:32:03  Starting new HTTP connection (1): mafreebox.freebox.fr
05/07/2015 02:32:03  "POST /api/v3/airmedia/receivers/Freebox%20Player/ ('HTTP/1.1',)" 200 None
05/07/2015 02:32:10  Starting new HTTP connection (1): mafreebox.freebox.fr
05/07/2015 02:32:10  "GET /api/v3/airmedia/receivers/ ('HTTP/1.1',)" 200 None
05/07/2015 02:32:10  Starting new HTTP connection (1): mafreebox.freebox.fr
05/07/2015 02:32:10  "POST /api/v3/airmedia/receivers/Freebox%20Player/ ('HTTP/1.1',)" 200 None
05/07/2015 02:33:02  Presence::load rules: rules.json
05/07/2015 02:33:02  Chacon::load emitters and receivers: chacon.json
05/07/2015 02:33:02  Alarm::load alarms: alarms.json
05/07/2015 02:33:02  Starting new HTTP connection (1): mafreebox.freebox.fr
05/07/2015 02:33:03  "GET /api/v1/login/authorize/6 ('HTTP/1.1',)" 200 None
05/07/2015 02:33:03  Starting new HTTP connection (1): mafreebox.freebox.fr
05/07/2015 02:33:03  "GET /api/v1/login/authorize/6 ('HTTP/1.1',)" 200 None
05/07/2015 02:33:03  Starting new HTTP connection (1): mafreebox.freebox.fr
05/07/2015 02:33:03  "GET /api/v1/login/ ('HTTP/1.1',)" 200 None
05/07/2015 02:33:03  Starting new HTTP connection (1): mafreebox.freebox.fr
05/07/2015 02:33:04  "POST /api/v1/login/session/ ('HTTP/1.1',)" 200 None
05/07/2015 02:33:04  Starting new HTTP connection (1): mafreebox.freebox.fr
05/07/2015 02:33:04  "GET /api/v3/airmedia/receivers/ ('HTTP/1.1',)" 200 None
05/07/2015 02:33:04  Starting new HTTP connection (1): mafreebox.freebox.fr
05/07/2015 02:33:04  "POST /api/v3/airmedia/receivers/Freebox%20Player/ ('HTTP/1.1',)" 200 None
05/07/2015 02:33:10  Starting new HTTP connection (1): mafreebox.freebox.fr
05/07/2015 02:33:10  "GET /api/v3/airmedia/receivers/ ('HTTP/1.1',)" 200 None
05/07/2015 02:33:10  Starting new HTTP connection (1): mafreebox.freebox.fr
05/07/2015 02:33:10  "POST /api/v3/airmedia/receivers/Freebox%20Player/ ('HTTP/1.1',)" 200 None
05/07/2015 02:33:42  Starting new HTTP connection (1): mafreebox.freebox.fr
05/07/2015 02:33:42  "GET /api/v3/airmedia/receivers/ ('HTTP/1.1',)" 200 None
05/07/2015 02:33:42  Starting new HTTP connection (1): mafreebox.freebox.fr
05/07/2015 02:33:42  "POST /api/v3/airmedia/receivers/Freebox%20Player/ ('HTTP/1.1',)" 200 None
05/07/2015 02:35:00  Starting new HTTP connection (1): mafreebox.freebox.fr
05/07/2015 02:35:00  "GET /api/v3/airmedia/receivers/ ('HTTP/1.1',)" 200 None
05/07/2015 02:35:00  Starting new HTTP connection (1): mafreebox.freebox.fr
05/07/2015 02:35:00  "POST /api/v3/airmedia/receivers/Freebox%20Player/ ('HTTP/1.1',)" 200 None
05/07/2015 02:35:07  Starting new HTTP connection (1): mafreebox.freebox.fr
05/07/2015 02:35:07  "GET /api/v3/airmedia/receivers/ ('HTTP/1.1',)" 200 None
05/07/2015 02:35:07  Starting new HTTP connection (1): mafreebox.freebox.fr
05/07/2015 02:35:07  "POST /api/v3/airmedia/receivers/Freebox%20Player/ ('HTTP/1.1',)" 200 None
05/07/2015 02:35:33  Presence::load rules: rules.json
05/07/2015 02:35:33  Chacon::load emitters and receivers: chacon.json
05/07/2015 02:35:33  Alarm::load alarms: alarms.json
05/07/2015 02:35:33  Starting new HTTP connection (1): mafreebox.freebox.fr
05/07/2015 02:35:33  "GET /api/v1/login/authorize/6 ('HTTP/1.1',)" 200 None
05/07/2015 02:35:33  Starting new HTTP connection (1): mafreebox.freebox.fr
05/07/2015 02:35:33  "GET /api/v1/login/authorize/6 ('HTTP/1.1',)" 200 None
05/07/2015 02:35:33  Starting new HTTP connection (1): mafreebox.freebox.fr
05/07/2015 02:35:33  "GET /api/v1/login/ ('HTTP/1.1',)" 200 None
05/07/2015 02:35:33  Starting new HTTP connection (1): mafreebox.freebox.fr
05/07/2015 02:35:34  "POST /api/v1/login/session/ ('HTTP/1.1',)" 200 None
05/07/2015 02:35:34  Starting new HTTP connection (1): mafreebox.freebox.fr
05/07/2015 02:35:34  "GET /api/v3/airmedia/receivers/ ('HTTP/1.1',)" 200 None
05/07/2015 02:35:34  Starting new HTTP connection (1): mafreebox.freebox.fr
05/07/2015 02:35:34  "POST /api/v3/airmedia/receivers/Freebox%20Player/ ('HTTP/1.1',)" 200 None
05/07/2015 02:35:35  Starting new HTTP connection (1): mafreebox.freebox.fr
05/07/2015 02:35:35  "GET /api/v3/airmedia/receivers/ ('HTTP/1.1',)" 200 None
05/07/2015 02:35:35  Starting new HTTP connection (1): mafreebox.freebox.fr
05/07/2015 02:35:35  "POST /api/v3/airmedia/receivers/Freebox%20Player/ ('HTTP/1.1',)" 200 None
05/07/2015 02:35:40  Starting new HTTP connection (1): mafreebox.freebox.fr
05/07/2015 02:35:40  "GET /api/v3/airmedia/receivers/ ('HTTP/1.1',)" 200 None
05/07/2015 02:35:40  Starting new HTTP connection (1): mafreebox.freebox.fr
05/07/2015 02:35:40  "POST /api/v3/airmedia/receivers/Freebox%20Player/ ('HTTP/1.1',)" 200 None
05/07/2015 02:36:40  Starting new HTTP connection (1): mafreebox.freebox.fr
05/07/2015 02:36:40  "GET /api/v3/airmedia/receivers/ ('HTTP/1.1',)" 200 None
05/07/2015 02:36:40  Starting new HTTP connection (1): mafreebox.freebox.fr
05/07/2015 02:36:40  "POST /api/v3/airmedia/receivers/Freebox%20Player/ ('HTTP/1.1',)" 200 None
05/07/2015 02:36:48  Starting new HTTP connection (1): mafreebox.freebox.fr
05/07/2015 02:36:48  "GET /api/v3/airmedia/receivers/ ('HTTP/1.1',)" 200 None
05/07/2015 02:36:48  Starting new HTTP connection (1): mafreebox.freebox.fr
05/07/2015 02:36:48  "POST /api/v3/airmedia/receivers/Freebox%20Player/ ('HTTP/1.1',)" 200 None
05/07/2015 02:37:08  Presence::load rules: rules.json
05/07/2015 02:37:08  Chacon::load emitters and receivers: chacon.json
05/07/2015 02:37:08  Alarm::load alarms: alarms.json
05/07/2015 02:37:08  Starting new HTTP connection (1): mafreebox.freebox.fr
05/07/2015 02:37:09  "GET /api/v1/login/authorize/6 ('HTTP/1.1',)" 200 None
05/07/2015 02:37:09  Starting new HTTP connection (1): mafreebox.freebox.fr
05/07/2015 02:37:09  "GET /api/v1/login/authorize/6 ('HTTP/1.1',)" 200 None
05/07/2015 02:37:09  Starting new HTTP connection (1): mafreebox.freebox.fr
05/07/2015 02:37:09  "GET /api/v1/login/ ('HTTP/1.1',)" 200 None
05/07/2015 02:37:09  Starting new HTTP connection (1): mafreebox.freebox.fr
05/07/2015 02:37:10  "POST /api/v1/login/session/ ('HTTP/1.1',)" 200 None
05/07/2015 02:37:10  Starting new HTTP connection (1): mafreebox.freebox.fr
05/07/2015 02:37:10  "GET /api/v3/airmedia/receivers/ ('HTTP/1.1',)" 200 None
05/07/2015 02:37:10  Starting new HTTP connection (1): mafreebox.freebox.fr
05/07/2015 02:37:10  "POST /api/v3/airmedia/receivers/Freebox%20Player/ ('HTTP/1.1',)" 200 None
05/07/2015 02:37:13  Starting new HTTP connection (1): mafreebox.freebox.fr
05/07/2015 02:37:13  "GET /api/v3/airmedia/receivers/ ('HTTP/1.1',)" 200 None
05/07/2015 02:37:13  Starting new HTTP connection (1): mafreebox.freebox.fr
05/07/2015 02:37:13  "POST /api/v3/airmedia/receivers/Freebox%20Player/ ('HTTP/1.1',)" 200 None
05/07/2015 02:39:46  Presence::load rules: rules.json
05/07/2015 02:39:46  Chacon::load emitters and receivers: chacon.json
05/07/2015 02:39:46  Alarm::load alarms: alarms.json
05/07/2015 02:39:57  Presence::load rules: rules.json
05/07/2015 02:39:57  Chacon::load emitters and receivers: chacon.json
05/07/2015 02:39:58  Alarm::load alarms: alarms.json
05/07/2015 02:39:58  Starting new HTTP connection (1): mafreebox.freebox.fr
05/07/2015 02:39:58  "GET /api/v1/login/authorize/6 ('HTTP/1.1',)" 200 None
05/07/2015 02:39:58  Starting new HTTP connection (1): mafreebox.freebox.fr
05/07/2015 02:39:58  "GET /api/v1/login/authorize/6 ('HTTP/1.1',)" 200 None
05/07/2015 02:39:58  Starting new HTTP connection (1): mafreebox.freebox.fr
05/07/2015 02:39:58  "GET /api/v1/login/ ('HTTP/1.1',)" 200 None
05/07/2015 02:39:58  Starting new HTTP connection (1): mafreebox.freebox.fr
05/07/2015 02:39:59  "POST /api/v1/login/session/ ('HTTP/1.1',)" 200 None
05/07/2015 02:39:59  Starting new HTTP connection (1): mafreebox.freebox.fr
05/07/2015 02:39:59  "GET /api/v3/airmedia/receivers/ ('HTTP/1.1',)" 200 None
05/07/2015 02:39:59  Starting new HTTP connection (1): mafreebox.freebox.fr
05/07/2015 02:39:59  "POST /api/v3/airmedia/receivers/Freebox%20Player/ ('HTTP/1.1',)" 200 None
05/07/2015 02:40:00  Alarm::execute alarm: Test
05/07/2015 02:40:00  -> execute action: chacon plafond/on
05/07/2015 02:40:00  -> execute action: chacon lampe/on
05/07/2015 02:40:00  -> execute action: freebox on/canal/16
05/07/2015 02:40:00  Starting new HTTP connection (1): mafreebox.freebox.fr
05/07/2015 02:40:00  "GET /api/v3/airmedia/receivers/ ('HTTP/1.1',)" 200 None
05/07/2015 02:40:00  Starting new HTTP connection (1): mafreebox.freebox.fr
05/07/2015 02:40:00  "POST /api/v3/airmedia/receivers/Freebox%20Player/ ('HTTP/1.1',)" 200 None
05/07/2015 02:44:39  Presence::load rules: rules.json
05/07/2015 02:44:39  Chacon::load emitters and receivers: chacon.json
05/07/2015 02:44:39  Alarm::load alarms: alarms.json
05/07/2015 02:44:39  Starting new HTTP connection (1): mafreebox.freebox.fr
05/07/2015 02:44:39  "GET /api/v1/login/authorize/6 ('HTTP/1.1',)" 200 None
05/07/2015 02:44:39  Starting new HTTP connection (1): mafreebox.freebox.fr
05/07/2015 02:44:40  "GET /api/v1/login/authorize/6 ('HTTP/1.1',)" 200 None
05/07/2015 02:44:40  Starting new HTTP connection (1): mafreebox.freebox.fr
05/07/2015 02:44:40  "GET /api/v1/login/ ('HTTP/1.1',)" 200 None
05/07/2015 02:44:40  Starting new HTTP connection (1): mafreebox.freebox.fr
05/07/2015 02:44:40  "POST /api/v1/login/session/ ('HTTP/1.1',)" 200 None
05/07/2015 02:44:40  Starting new HTTP connection (1): mafreebox.freebox.fr
05/07/2015 02:44:40  "GET /api/v3/airmedia/receivers/ ('HTTP/1.1',)" 200 None
05/07/2015 02:44:40  Starting new HTTP connection (1): mafreebox.freebox.fr
05/07/2015 02:44:40  "POST /api/v3/airmedia/receivers/Freebox%20Player/ ('HTTP/1.1',)" 200 None
05/07/2015 02:44:42  Starting new HTTP connection (1): mafreebox.freebox.fr
05/07/2015 02:44:42  "GET /api/v3/airmedia/receivers/ ('HTTP/1.1',)" 200 None
05/07/2015 02:44:42  Starting new HTTP connection (1): mafreebox.freebox.fr
05/07/2015 02:44:42  "POST /api/v3/airmedia/receivers/Freebox%20Player/ ('HTTP/1.1',)" 200 None
05/07/2015 02:45:12  Starting new HTTP connection (1): mafreebox.freebox.fr
05/07/2015 02:45:12  "GET /api/v3/airmedia/receivers/ ('HTTP/1.1',)" 200 None
05/07/2015 02:45:12  Starting new HTTP connection (1): mafreebox.freebox.fr
05/07/2015 02:45:12  "POST /api/v3/airmedia/receivers/Freebox%20Player/ ('HTTP/1.1',)" 200 None
05/07/2015 02:45:14  Starting new HTTP connection (1): mafreebox.freebox.fr
05/07/2015 02:45:14  "GET /api/v3/airmedia/receivers/ ('HTTP/1.1',)" 200 None
05/07/2015 02:45:14  Starting new HTTP connection (1): mafreebox.freebox.fr
05/07/2015 02:45:14  "POST /api/v3/airmedia/receivers/Freebox%20Player/ ('HTTP/1.1',)" 200 None
05/07/2015 02:45:20  Starting new HTTP connection (1): mafreebox.freebox.fr
05/07/2015 02:45:20  "GET /api/v3/airmedia/receivers/ ('HTTP/1.1',)" 200 None
05/07/2015 02:45:20  Starting new HTTP connection (1): mafreebox.freebox.fr
05/07/2015 02:45:20  "POST /api/v3/airmedia/receivers/Freebox%20Player/ ('HTTP/1.1',)" 200 None
05/07/2015 02:53:22  Presence::load rules: rules.json
05/07/2015 02:53:22  Chacon::load emitters and receivers: chacon.json
05/07/2015 02:53:22  Alarm::load alarms: alarms.json
05/07/2015 02:53:22  Starting new HTTP connection (1): mafreebox.freebox.fr
05/07/2015 02:53:22  "GET /api/v1/login/authorize/6 ('HTTP/1.1',)" 200 None
05/07/2015 02:53:22  Starting new HTTP connection (1): mafreebox.freebox.fr
05/07/2015 02:53:22  "GET /api/v1/login/authorize/6 ('HTTP/1.1',)" 200 None
05/07/2015 02:53:22  Starting new HTTP connection (1): mafreebox.freebox.fr
05/07/2015 02:53:22  "GET /api/v1/login/ ('HTTP/1.1',)" 200 None
05/07/2015 02:53:22  Starting new HTTP connection (1): mafreebox.freebox.fr
05/07/2015 02:53:23  "POST /api/v1/login/session/ ('HTTP/1.1',)" 200 None
05/07/2015 02:53:23  Starting new HTTP connection (1): mafreebox.freebox.fr
05/07/2015 02:53:23  "GET /api/v3/airmedia/receivers/ ('HTTP/1.1',)" 200 None
05/07/2015 02:53:23  Starting new HTTP connection (1): mafreebox.freebox.fr
05/07/2015 02:53:23  "POST /api/v3/airmedia/receivers/Freebox%20Player/ ('HTTP/1.1',)" 200 None
05/07/2015 02:54:42  Presence::load rules: rules.json
05/07/2015 02:54:42  Chacon::load emitters and receivers: chacon.json
05/07/2015 02:54:42  Alarm::load alarms: alarms.json
05/07/2015 02:54:42  Starting new HTTP connection (1): mafreebox.freebox.fr
05/07/2015 02:54:43  "GET /api/v1/login/authorize/6 ('HTTP/1.1',)" 200 None
05/07/2015 02:54:43  Starting new HTTP connection (1): mafreebox.freebox.fr
05/07/2015 02:54:43  "GET /api/v1/login/authorize/6 ('HTTP/1.1',)" 200 None
05/07/2015 02:54:43  Starting new HTTP connection (1): mafreebox.freebox.fr
05/07/2015 02:54:43  "GET /api/v1/login/ ('HTTP/1.1',)" 200 None
05/07/2015 02:54:43  Starting new HTTP connection (1): mafreebox.freebox.fr
05/07/2015 02:54:44  "POST /api/v1/login/session/ ('HTTP/1.1',)" 200 None
05/07/2015 02:54:44  Starting new HTTP connection (1): mafreebox.freebox.fr
05/07/2015 02:54:44  "GET /api/v3/airmedia/receivers/ ('HTTP/1.1',)" 200 None
05/07/2015 02:54:44  Starting new HTTP connection (1): mafreebox.freebox.fr
05/07/2015 02:54:44  "POST /api/v3/airmedia/receivers/Freebox%20Player/ ('HTTP/1.1',)" 200 None
05/07/2015 02:55:13  Starting new HTTP connection (1): mafreebox.freebox.fr
05/07/2015 02:55:13  "GET /api/v3/airmedia/receivers/ ('HTTP/1.1',)" 200 None
05/07/2015 02:55:13  Starting new HTTP connection (1): mafreebox.freebox.fr
05/07/2015 02:55:14  "POST /api/v3/airmedia/receivers/Freebox%20Player/ ('HTTP/1.1',)" 200 None
05/07/2015 02:57:22  Presence::load rules: rules.json
05/07/2015 02:57:22  Chacon::load emitters and receivers: chacon.json
05/07/2015 02:57:22  Alarm::load alarms: alarms.json
05/07/2015 02:57:22  Starting new HTTP connection (1): mafreebox.freebox.fr
05/07/2015 02:57:23  "GET /api/v1/login/authorize/6 ('HTTP/1.1',)" 200 None
05/07/2015 02:57:23  Starting new HTTP connection (1): mafreebox.freebox.fr
05/07/2015 02:57:23  "GET /api/v1/login/authorize/6 ('HTTP/1.1',)" 200 None
05/07/2015 02:57:23  Starting new HTTP connection (1): mafreebox.freebox.fr
05/07/2015 02:57:23  "GET /api/v1/login/ ('HTTP/1.1',)" 200 None
05/07/2015 02:57:23  Starting new HTTP connection (1): mafreebox.freebox.fr
05/07/2015 02:57:24  "POST /api/v1/login/session/ ('HTTP/1.1',)" 200 None
05/07/2015 02:57:24  Starting new HTTP connection (1): mafreebox.freebox.fr
05/07/2015 02:57:24  "GET /api/v3/airmedia/receivers/ ('HTTP/1.1',)" 200 None
05/07/2015 02:57:24  Starting new HTTP connection (1): mafreebox.freebox.fr
05/07/2015 02:57:24  "POST /api/v3/airmedia/receivers/Freebox%20Player/ ('HTTP/1.1',)" 200 None
05/07/2015 03:20:10  Presence::load rules: rules.json
05/07/2015 03:20:10  Chacon::load emitters and receivers: chacon.json
05/07/2015 03:20:10  Alarm::load alarms: alarms.json
05/07/2015 03:20:10  Starting new HTTP connection (1): mafreebox.freebox.fr
05/07/2015 03:20:13  "GET /api/v1/login/authorize/6 ('HTTP/1.1',)" 200 None
05/07/2015 03:20:13  Starting new HTTP connection (1): mafreebox.freebox.fr
05/07/2015 03:20:13  "GET /api/v1/login/authorize/6 ('HTTP/1.1',)" 200 None
05/07/2015 03:20:13  Starting new HTTP connection (1): mafreebox.freebox.fr
05/07/2015 03:20:13  "GET /api/v1/login/ ('HTTP/1.1',)" 200 None
05/07/2015 03:20:13  Starting new HTTP connection (1): mafreebox.freebox.fr
05/07/2015 03:20:14  "POST /api/v1/login/session/ ('HTTP/1.1',)" 200 None
05/07/2015 03:20:14  Starting new HTTP connection (1): mafreebox.freebox.fr
05/07/2015 03:20:14  "GET /api/v3/airmedia/receivers/ ('HTTP/1.1',)" 200 None
05/07/2015 03:20:14  Starting new HTTP connection (1): mafreebox.freebox.fr
05/07/2015 03:20:14  "POST /api/v3/airmedia/receivers/Freebox%20Player/ ('HTTP/1.1',)" 200 None
05/08/2015 04:37:08  Presence::load rules: /usr/local/piserver/rules.json
05/08/2015 04:37:08  Chacon::load emitters and receivers: /usr/local/piserver/chacon.json
05/08/2015 04:37:08  Alarm::load alarms: /usr/local/piserver/alarms.json
05/08/2015 04:37:08  -> alarm: Rveil
05/08/2015 04:37:08  -> alarm: Test
05/08/2015 04:37:08  Starting new HTTP connection (1): mafreebox.freebox.fr
05/08/2015 04:37:11  "GET /api/v1/login/authorize/6 ('HTTP/1.1',)" 200 None
05/08/2015 04:37:11  Starting new HTTP connection (1): mafreebox.freebox.fr
05/08/2015 04:37:11  "GET /api/v1/login/authorize/6 ('HTTP/1.1',)" 200 None
05/08/2015 04:37:11  Starting new HTTP connection (1): mafreebox.freebox.fr
05/08/2015 04:37:11  "GET /api/v1/login/ ('HTTP/1.1',)" 200 None
05/08/2015 04:37:11  Starting new HTTP connection (1): mafreebox.freebox.fr
05/08/2015 04:37:12  "POST /api/v1/login/session/ ('HTTP/1.1',)" 200 None
05/08/2015 04:37:12  Starting new HTTP connection (1): mafreebox.freebox.fr
05/08/2015 04:37:12  "GET /api/v3/airmedia/receivers/ ('HTTP/1.1',)" 200 None
05/08/2015 04:37:12  Starting new HTTP connection (1): mafreebox.freebox.fr
05/08/2015 04:37:12  "POST /api/v3/airmedia/receivers/Freebox%20Player/ ('HTTP/1.1',)" 200 None
05/10/2015 07:44:01  Presence::load rules: /usr/local/piserver/rules.json
05/10/2015 07:44:01  Chacon::load emitters and receivers: /usr/local/piserver/chacon.json
05/10/2015 07:44:38  Presence::load rules: /usr/local/piserver/rules.json
05/10/2015 07:44:38  Chacon::load emitters and receivers: /usr/local/piserver/chacon.json
05/10/2015 07:51:20  Presence::load rules: /usr/local/piserver/rules.json
05/10/2015 07:51:20  Chacon::load emitters and receivers: /usr/local/piserver/chacon.json
05/10/2015 07:51:35  Presence::load rules: /usr/local/piserver/rules.json
05/10/2015 07:51:35  Chacon::load emitters and receivers: /usr/local/piserver/chacon.json
05/10/2015 07:53:44  Presence::load rules: /usr/local/piserver/rules.json
05/10/2015 07:53:44  Chacon::load emitters and receivers: /usr/local/piserver/chacon.json
05/10/2015 07:55:54  Presence::load rules: /usr/local/piserver/rules.json
05/10/2015 07:55:54  Chacon::load emitters and receivers: /usr/local/piserver/chacon.json
05/10/2015 07:56:22  Presence::load rules: /usr/local/piserver/rules.json
05/10/2015 07:56:22  Chacon::load emitters and receivers: /usr/local/piserver/chacon.json
05/10/2015 07:56:22  Alarm::load alarms: /usr/local/piserver/alarms.json
05/10/2015 07:56:22  -> alarm: Rveil
05/10/2015 07:56:22  -> alarm: Test
05/10/2015 07:56:22  Starting new HTTP connection (1): mafreebox.freebox.fr
05/10/2015 07:56:22  "GET /api/v1/login/authorize/6 ('HTTP/1.1',)" 200 None
05/10/2015 07:56:22  Starting new HTTP connection (1): mafreebox.freebox.fr
05/10/2015 07:56:25  "GET /api/v1/login/authorize/6 ('HTTP/1.1',)" 200 None
05/10/2015 07:56:25  Starting new HTTP connection (1): mafreebox.freebox.fr
05/10/2015 07:56:25  "GET /api/v1/login/ ('HTTP/1.1',)" 200 None
05/10/2015 07:56:25  Starting new HTTP connection (1): mafreebox.freebox.fr
05/10/2015 07:56:25  "POST /api/v1/login/session/ ('HTTP/1.1',)" 200 None
05/10/2015 07:56:25  Starting new HTTP connection (1): mafreebox.freebox.fr
05/10/2015 07:56:26  "GET /api/v3/airmedia/receivers/ ('HTTP/1.1',)" 200 None
05/10/2015 07:56:26  Starting new HTTP connection (1): mafreebox.freebox.fr
05/10/2015 07:56:26  "POST /api/v3/airmedia/receivers/Freebox%20Player/ ('HTTP/1.1',)" 200 None
05/10/2015 07:57:41  Presence::load rules: /usr/local/piserver/rules.json
05/10/2015 07:57:41  Chacon::load emitters and receivers: /usr/local/piserver/chacon.json
05/10/2015 07:58:00  Presence::load rules: /usr/local/piserver/rules.json
05/10/2015 07:58:00  Chacon::load emitters and receivers: /usr/local/piserver/chacon.json
05/10/2015 07:58:00  Alarm::load alarms: /usr/local/piserver/alarms.json
05/10/2015 07:58:00  -> alarm: Rveil
05/10/2015 07:58:00  -> alarm: Test
05/10/2015 07:58:00  Starting new HTTP connection (1): mafreebox.freebox.fr
05/10/2015 07:58:01  "GET /api/v1/login/authorize/6 ('HTTP/1.1',)" 200 None
05/10/2015 07:58:01  Starting new HTTP connection (1): mafreebox.freebox.fr
05/10/2015 07:58:01  "GET /api/v1/login/authorize/6 ('HTTP/1.1',)" 200 None
05/10/2015 07:58:01  Starting new HTTP connection (1): mafreebox.freebox.fr
05/10/2015 07:58:01  "GET /api/v1/login/ ('HTTP/1.1',)" 200 None
05/10/2015 07:58:01  Starting new HTTP connection (1): mafreebox.freebox.fr
05/10/2015 07:58:02  "POST /api/v1/login/session/ ('HTTP/1.1',)" 200 None
05/10/2015 07:58:02  Starting new HTTP connection (1): mafreebox.freebox.fr
05/10/2015 07:58:02  "GET /api/v3/airmedia/receivers/ ('HTTP/1.1',)" 200 None
05/10/2015 07:58:02  Starting new HTTP connection (1): mafreebox.freebox.fr
05/10/2015 07:58:02  "POST /api/v3/airmedia/receivers/Freebox%20Player/ ('HTTP/1.1',)" 200 None
05/10/2015 07:58:39  in-event <InotifyEvent: src_path=b'/usr/local/piserver/alarms.json', wd=1, mask=IN_MODIFY, cookie=0, name=b'alarms.json'>
05/10/2015 07:58:39  in-event <InotifyEvent: src_path=b'/usr/local/piserver/alarms.json', wd=1, mask=IN_MODIFY, cookie=0, name=b'alarms.json'>
05/10/2015 07:59:05  Presence::load rules: /usr/local/piserver/rules.json
05/10/2015 07:59:05  Chacon::load emitters and receivers: /usr/local/piserver/chacon.json
05/10/2015 07:59:05  Alarm::load alarms: /usr/local/piserver/alarms.json
05/10/2015 07:59:05  -> alarm: Rveil
05/10/2015 07:59:05  Starting new HTTP connection (1): mafreebox.freebox.fr
05/10/2015 07:59:06  "GET /api/v1/login/authorize/6 ('HTTP/1.1',)" 200 None
05/10/2015 07:59:06  Starting new HTTP connection (1): mafreebox.freebox.fr
05/10/2015 07:59:06  "GET /api/v1/login/authorize/6 ('HTTP/1.1',)" 200 None
05/10/2015 07:59:06  Starting new HTTP connection (1): mafreebox.freebox.fr
05/10/2015 07:59:06  "GET /api/v1/login/ ('HTTP/1.1',)" 200 None
05/10/2015 07:59:06  Starting new HTTP connection (1): mafreebox.freebox.fr
05/10/2015 07:59:07  "POST /api/v1/login/session/ ('HTTP/1.1',)" 200 None
05/10/2015 07:59:07  Starting new HTTP connection (1): mafreebox.freebox.fr
05/10/2015 07:59:07  "GET /api/v3/airmedia/receivers/ ('HTTP/1.1',)" 200 None
05/10/2015 07:59:07  Starting new HTTP connection (1): mafreebox.freebox.fr
05/10/2015 07:59:07  "POST /api/v3/airmedia/receivers/Freebox%20Player/ ('HTTP/1.1',)" 200 None
05/10/2015 07:59:15  in-event <InotifyEvent: src_path=b'/usr/local/piserver/alarms.json', wd=1, mask=IN_MODIFY, cookie=0, name=b'alarms.json'>
05/10/2015 07:59:15  in-event <InotifyEvent: src_path=b'/usr/local/piserver/alarms.json', wd=1, mask=IN_MODIFY, cookie=0, name=b'alarms.json'>
05/10/2015 07:59:15  Alarm::load alarms: /usr/local/piserver/alarms.json
05/10/2015 07:59:15  -> alarm: Rveil
05/10/2015 07:59:15  Alarm::load alarms: /usr/local/piserver/alarms.json
05/10/2015 07:59:15  -> alarm: Rveil
05/10/2015 08:00:11  Presence::load rules: /usr/local/piserver/rules.json
05/10/2015 08:00:11  Chacon::load emitters and receivers: /usr/local/piserver/chacon.json
05/10/2015 08:00:11  Alarm::load alarms: /usr/local/piserver/alarms.json
05/10/2015 08:00:11  -> alarm: Rveil
05/10/2015 08:00:11  Starting new HTTP connection (1): mafreebox.freebox.fr
05/10/2015 08:00:11  "GET /api/v1/login/authorize/6 ('HTTP/1.1',)" 200 None
05/10/2015 08:00:11  Starting new HTTP connection (1): mafreebox.freebox.fr
05/10/2015 08:00:12  "GET /api/v1/login/authorize/6 ('HTTP/1.1',)" 200 None
05/10/2015 08:00:12  Starting new HTTP connection (1): mafreebox.freebox.fr
05/10/2015 08:00:12  "GET /api/v1/login/ ('HTTP/1.1',)" 200 None
05/10/2015 08:00:12  Starting new HTTP connection (1): mafreebox.freebox.fr
05/10/2015 08:00:12  "POST /api/v1/login/session/ ('HTTP/1.1',)" 200 None
05/10/2015 08:00:12  Starting new HTTP connection (1): mafreebox.freebox.fr
05/10/2015 08:00:12  "GET /api/v3/airmedia/receivers/ ('HTTP/1.1',)" 200 None
05/10/2015 08:00:12  Starting new HTTP connection (1): mafreebox.freebox.fr
05/10/2015 08:00:12  "POST /api/v3/airmedia/receivers/Freebox%20Player/ ('HTTP/1.1',)" 200 None
05/10/2015 08:00:19  in-event <InotifyEvent: src_path=b'/usr/local/piserver/alarms.json', wd=1, mask=IN_MODIFY, cookie=0, name=b'alarms.json'>
05/10/2015 08:00:19  in-event <InotifyEvent: src_path=b'/usr/local/piserver/alarms.json', wd=1, mask=IN_MODIFY, cookie=0, name=b'alarms.json'>
05/10/2015 08:00:19  Alarm::load alarms: /usr/local/piserver/alarms.json
05/10/2015 08:00:19  -> alarm: Rveil
05/10/2015 08:00:19  Alarm::load alarms: /usr/local/piserver/alarms.json
05/10/2015 08:00:19  -> alarm: Rveil
05/11/2015 08:43:25  Presence::load rules: /usr/local/piserver/rules.json
05/11/2015 08:43:25  Chacon::load emitters and receivers: /usr/local/piserver/chacon.json
05/11/2015 08:43:25  Alarm::load alarms: /usr/local/piserver/alarms.json
05/11/2015 08:43:25  -> alarm: Rveil
05/11/2015 08:43:25  Starting new HTTP connection (1): mafreebox.freebox.fr
05/11/2015 08:43:26  "GET /api/v1/login/authorize/6 ('HTTP/1.1',)" 200 None
05/11/2015 08:43:26  Starting new HTTP connection (1): mafreebox.freebox.fr
05/11/2015 08:43:26  "GET /api/v1/login/authorize/6 ('HTTP/1.1',)" 200 None
05/11/2015 08:43:26  Starting new HTTP connection (1): mafreebox.freebox.fr
05/11/2015 08:43:26  "GET /api/v1/login/ ('HTTP/1.1',)" 200 None
05/11/2015 08:43:26  Starting new HTTP connection (1): mafreebox.freebox.fr
05/11/2015 08:43:26  "POST /api/v1/login/session/ ('HTTP/1.1',)" 200 None
05/11/2015 08:43:26  Starting new HTTP connection (1): mafreebox.freebox.fr
05/11/2015 08:43:26  "GET /api/v3/airmedia/receivers/ ('HTTP/1.1',)" 200 None
05/11/2015 08:43:26  Starting new HTTP connection (1): mafreebox.freebox.fr
05/11/2015 08:43:26  "POST /api/v3/airmedia/receivers/Freebox%20Player/ ('HTTP/1.1',)" 200 None
05/11/2015 08:43:29  Starting new HTTP connection (1): mafreebox.freebox.fr
05/11/2015 08:43:29  "GET /api/v3/airmedia/receivers/ ('HTTP/1.1',)" 200 None
05/11/2015 08:43:29  Starting new HTTP connection (1): mafreebox.freebox.fr
05/11/2015 08:43:29  "POST /api/v3/airmedia/receivers/Freebox%20Player/ ('HTTP/1.1',)" 200 None
05/11/2015 08:43:37  Starting new HTTP connection (1): mafreebox.freebox.fr
05/11/2015 08:43:37  "GET /api/v3/airmedia/receivers/ ('HTTP/1.1',)" 200 None
05/11/2015 08:43:37  Starting new HTTP connection (1): mafreebox.freebox.fr
05/11/2015 08:43:37  "POST /api/v3/airmedia/receivers/Freebox%20Player/ ('HTTP/1.1',)" 200 None
